[ 2019-03-01T11:52:52+08:00 ] 127.0.0.1 /am.php/login/index
INFO: [ route_check ] --START--
INFO: CheckRoute Behavior ::run [ RunTime:0.000102s ]
INFO: [ route_check ] --END-- [ RunTime:0.000220s ]
NOTIC: [2] preg_replace(): The /e modifier is no longer supported, use preg_replace_callback instead /usr/local/var/www/htdocs/lot/ThinkPHP/Lib/Core/Dispatcher.class.php 第 132 行.
INFO: [ app_begin ] --START--
INFO: ReadHtmlCache Behavior ::run [ RunTime:0.000044s ]
INFO: CheckLang Behavior ::run [ RunTime:0.000093s ]
INFO: [ app_begin ] --END-- [ RunTime:0.000159s ]
INFO: [ view_parse ] --START--
INFO: ParseTemplate Behavior ::run [ RunTime:0.003279s ]
INFO: [ view_parse ] --END-- [ RunTime:0.003313s ]
INFO: [ view_filter ] --START--
INFO: ContentReplace Behavior ::run [ RunTime:0.000119s ]
INFO: TokenBuild Behavior ::run [ RunTime:0.000032s ]
INFO: WriteHtmlCache Behavior ::run [ RunTime:0.000019s ]
INFO: ShowRuntime Behavior ::run [ RunTime:0.000025s ]
INFO: [ view_filter ] --END-- [ RunTime:0.000259s ]
INFO: [ view_end ] --START--
INFO: ShowPageTrace Behavior ::run [ RunTime:0.000021s ]
INFO: [ view_end ] --END-- [ RunTime:0.000028s ]

[ 2019-03-01T11:52:52+08:00 ] 127.0.0.1 /am.php/login/verify
INFO: [ route_check ] --START--
INFO: CheckRoute Behavior ::run [ RunTime:0.000058s ]
INFO: [ route_check ] --END-- [ RunTime:0.000146s ]
NOTIC: [2] preg_replace(): The /e modifier is no longer supported, use preg_replace_callback instead /usr/local/var/www/htdocs/lot/ThinkPHP/Lib/Core/Dispatcher.class.php 第 132 行.
INFO: [ app_begin ] --START--
INFO: ReadHtmlCache Behavior ::run [ RunTime:0.000063s ]
INFO: CheckLang Behavior ::run [ RunTime:0.002543s ]
INFO: [ app_begin ] --END-- [ RunTime:0.002690s ]

[ 2019-03-01T11:54:56+08:00 ] 127.0.0.1 /am.php/login/check
INFO: [ route_check ] --START--
INFO: CheckRoute Behavior ::run [ RunTime:0.000074s ]
INFO: [ route_check ] --END-- [ RunTime:0.000158s ]
NOTIC: [2] preg_replace(): The /e modifier is no longer supported, use preg_replace_callback instead /usr/local/var/www/htdocs/lot/ThinkPHP/Lib/Core/Dispatcher.class.php 第 132 行.
INFO: [ app_begin ] --START--
INFO: ReadHtmlCache Behavior ::run [ RunTime:0.000072s ]
INFO: CheckLang Behavior ::run [ RunTime:0.000121s ]
INFO: [ app_begin ] --END-- [ RunTime:0.000224s ]
SQL: DESCRIBE xz_admin [ RunTime:0.003357s ]
SQL: SELECT * FROM `xz_admin` WHERE ( admin_name="admin" ) LIMIT 1   [ RunTime:0.000776s ]

[ 2019-03-01T11:57:22+08:00 ] 127.0.0.1 /am.php/login/check
INFO: [ route_check ] --START--
INFO: CheckRoute Behavior ::run [ RunTime:0.000189s ]
INFO: [ route_check ] --END-- [ RunTime:0.000548s ]
NOTIC: [2] preg_replace(): The /e modifier is no longer supported, use preg_replace_callback instead /usr/local/var/www/htdocs/lot/ThinkPHP/Lib/Core/Dispatcher.class.php 第 132 行.
INFO: [ app_begin ] --START--
INFO: ReadHtmlCache Behavior ::run [ RunTime:0.000114s ]
INFO: CheckLang Behavior ::run [ RunTime:0.000121s ]
INFO: [ app_begin ] --END-- [ RunTime:0.000285s ]
SQL: DESCRIBE xz_admin [ RunTime:0.006726s ]
SQL: SELECT * FROM `xz_admin` WHERE ( admin_name="admin" ) LIMIT 1   [ RunTime:0.000217s ]
SQL: UPDATE `xz_admin` SET `lastLoginTime`='2019-03-01 11:57:22',`ip`='127.0.0.1' WHERE ( id=4 ) [ RunTime:0.000187s ]
NOTIC: [8] A session had already been started - ignoring session_start() /usr/local/var/www/htdocs/lot/AM/Lib/Action/LoginAction.class.php 第 33 行.

[ 2019-03-01T11:57:22+08:00 ] 127.0.0.1 /am.php
INFO: [ app_begin ] --START--
INFO: ReadHtmlCache Behavior ::run [ RunTime:0.000027s ]
INFO: CheckLang Behavior ::run [ RunTime:0.000038s ]
INFO: [ app_begin ] --END-- [ RunTime:0.000095s ]
INFO: [ view_parse ] --START--
INFO: ParseTemplate Behavior ::run [ RunTime:0.003119s ]
INFO: [ view_parse ] --END-- [ RunTime:0.003145s ]
INFO: [ view_filter ] --START--
INFO: ContentReplace Behavior ::run [ RunTime:0.000109s ]
INFO: TokenBuild Behavior ::run [ RunTime:0.000038s ]
INFO: WriteHtmlCache Behavior ::run [ RunTime:0.000029s ]
INFO: ShowRuntime Behavior ::run [ RunTime:0.000037s ]
INFO: [ view_filter ] --END-- [ RunTime:0.000238s ]
INFO: [ view_end ] --START--
INFO: ShowPageTrace Behavior ::run [ RunTime:0.000032s ]
INFO: [ view_end ] --END-- [ RunTime:0.000039s ]

[ 2019-03-01T11:57:22+08:00 ] 127.0.0.1 /am.php/content/index
INFO: [ route_check ] --START--
INFO: CheckRoute Behavior ::run [ RunTime:0.000055s ]
INFO: [ route_check ] --END-- [ RunTime:0.000171s ]
NOTIC: [2] preg_replace(): The /e modifier is no longer supported, use preg_replace_callback instead /usr/local/var/www/htdocs/lot/ThinkPHP/Lib/Core/Dispatcher.class.php 第 132 行.
INFO: [ app_begin ] --START--
INFO: ReadHtmlCache Behavior ::run [ RunTime:0.000063s ]
INFO: CheckLang Behavior ::run [ RunTime:0.000074s ]
INFO: [ app_begin ] --END-- [ RunTime:0.000203s ]
SQL: DESCRIBE xz_lottery [ RunTime:0.002777s ]
NOTIC: [8] Undefined index: username /usr/local/var/www/htdocs/lot/AM/Lib/Action/ContentAction.class.php 第 5 行.
NOTIC: [8] Undefined index: username /usr/local/var/www/htdocs/lot/AM/Lib/Action/ContentAction.class.php 第 5 行.
SQL: SELECT COUNT(*) AS tp_count FROM `xz_lottery` WHERE ( 1=1 ) LIMIT 1   [ RunTime:0.000211s ]
SQL: SELECT xz_lottery.*,a.city,a.province,a.icon_path FROM `xz_lottery` left join xz_user a on a.id=xz_lottery.nUserId WHERE ( 1=1 ) ORDER BY xz_lottery.id desc LIMIT 0,50   [ RunTime:0.008523s ]
INFO: [ view_parse ] --START--
INFO: ParseTemplate Behavior ::run [ RunTime:0.010387s ]
INFO: [ view_parse ] --END-- [ RunTime:0.010406s ]
INFO: [ view_filter ] --START--
INFO: ContentReplace Behavior ::run [ RunTime:0.000053s ]
INFO: TokenBuild Behavior ::run [ RunTime:0.000021s ]
INFO: WriteHtmlCache Behavior ::run [ RunTime:0.000013s ]
INFO: ShowRuntime Behavior ::run [ RunTime:0.000021s ]
INFO: [ view_filter ] --END-- [ RunTime:0.000126s ]
INFO: [ view_end ] --START--
INFO: ShowPageTrace Behavior ::run [ RunTime:0.000014s ]
INFO: [ view_end ] --END-- [ RunTime:0.000021s ]

[ 2019-03-01T11:57:27+08:00 ] 127.0.0.1 /am.php/user/index
INFO: [ route_check ] --START--
INFO: CheckRoute Behavior ::run [ RunTime:0.000066s ]
INFO: [ route_check ] --END-- [ RunTime:0.000116s ]
NOTIC: [2] preg_replace(): The /e modifier is no longer supported, use preg_replace_callback instead /usr/local/var/www/htdocs/lot/ThinkPHP/Lib/Core/Dispatcher.class.php 第 132 行.
INFO: [ app_begin ] --START--
INFO: ReadHtmlCache Behavior ::run [ RunTime:0.000048s ]
INFO: CheckLang Behavior ::run [ RunTime:0.000064s ]
INFO: [ app_begin ] --END-- [ RunTime:0.000131s ]
NOTIC: [8] A session had already been started - ignoring session_start() /usr/local/var/www/htdocs/lot/AM/Lib/Action/CommonAction.class.php 第 4 行.
SQL: DESCRIBE xz_user [ RunTime:0.002397s ]
NOTIC: [8] Undefined index: username /usr/local/var/www/htdocs/lot/AM/Lib/Action/UserAction.class.php 第 7 行.
NOTIC: [8] Undefined index: username /usr/local/var/www/htdocs/lot/AM/Lib/Action/UserAction.class.php 第 7 行.
SQL: SELECT COUNT(*) AS tp_count FROM `xz_user` LIMIT 1   [ RunTime:0.000197s ]
SQL: SELECT * FROM `xz_user` ORDER BY id desc LIMIT 0,20   [ RunTime:0.000300s ]
INFO: [ view_parse ] --START--
INFO: ParseTemplate Behavior ::run [ RunTime:0.006697s ]
INFO: [ view_parse ] --END-- [ RunTime:0.006743s ]
INFO: [ view_filter ] --START--
INFO: ContentReplace Behavior ::run [ RunTime:0.000074s ]
INFO: TokenBuild Behavior ::run [ RunTime:0.000047s ]
INFO: WriteHtmlCache Behavior ::run [ RunTime:0.000038s ]
INFO: ShowRuntime Behavior ::run [ RunTime:0.000034s ]
INFO: [ view_filter ] --END-- [ RunTime:0.000221s ]
INFO: [ view_end ] --START--
INFO: ShowPageTrace Behavior ::run [ RunTime:0.000028s ]
INFO: [ view_end ] --END-- [ RunTime:0.000037s ]

[ 2019-03-01T11:57:28+08:00 ] 127.0.0.1 /am.php/content/index
INFO: [ route_check ] --START--
INFO: CheckRoute Behavior ::run [ RunTime:0.000032s ]
INFO: [ route_check ] --END-- [ RunTime:0.000057s ]
NOTIC: [2] preg_replace(): The /e modifier is no longer supported, use preg_replace_callback instead /usr/local/var/www/htdocs/lot/ThinkPHP/Lib/Core/Dispatcher.class.php 第 132 行.
INFO: [ app_begin ] --START--
INFO: ReadHtmlCache Behavior ::run [ RunTime:0.000023s ]
INFO: CheckLang Behavior ::run [ RunTime:0.000037s ]
INFO: [ app_begin ] --END-- [ RunTime:0.000077s ]
SQL: DESCRIBE xz_lottery [ RunTime:0.003171s ]
NOTIC: [8] Undefined index: username /usr/local/var/www/htdocs/lot/AM/Lib/Action/ContentAction.class.php 第 5 行.
NOTIC: [8] Undefined index: username /usr/local/var/www/htdocs/lot/AM/Lib/Action/ContentAction.class.php 第 5 行.
SQL: SELECT COUNT(*) AS tp_count FROM `xz_lottery` WHERE ( 1=1 ) LIMIT 1   [ RunTime:0.000375s ]
SQL: SELECT xz_lottery.*,a.city,a.province,a.icon_path FROM `xz_lottery` left join xz_user a on a.id=xz_lottery.nUserId WHERE ( 1=1 ) ORDER BY xz_lottery.id desc LIMIT 0,50   [ RunTime:0.005556s ]
INFO: [ view_parse ] --START--
INFO: ParseTemplate Behavior ::run [ RunTime:0.002085s ]
INFO: [ view_parse ] --END-- [ RunTime:0.002111s ]
INFO: [ view_filter ] --START--
INFO: ContentReplace Behavior ::run [ RunTime:0.000107s ]
INFO: TokenBuild Behavior ::run [ RunTime:0.000033s ]
INFO: WriteHtmlCache Behavior ::run [ RunTime:0.000014s ]
INFO: ShowRuntime Behavior ::run [ RunTime:0.000024s ]
INFO: [ view_filter ] --END-- [ RunTime:0.000215s ]
INFO: [ view_end ] --START--
INFO: ShowPageTrace Behavior ::run [ RunTime:0.000017s ]
INFO: [ view_end ] --END-- [ RunTime:0.000026s ]

[ 2019-03-01T11:57:46+08:00 ] 127.0.0.1 /am.php/content/edit/id/132
INFO: [ route_check ] --START--
INFO: CheckRoute Behavior ::run [ RunTime:0.000150s ]
INFO: [ route_check ] --END-- [ RunTime:0.000237s ]
NOTIC: [2] preg_replace(): The /e modifier is no longer supported, use preg_replace_callback instead /usr/local/var/www/htdocs/lot/ThinkPHP/Lib/Core/Dispatcher.class.php 第 132 行.
INFO: [ app_begin ] --START--
INFO: ReadHtmlCache Behavior ::run [ RunTime:0.000242s ]
INFO: CheckLang Behavior ::run [ RunTime:0.000090s ]
INFO: [ app_begin ] --END-- [ RunTime:0.000365s ]
NOTIC: [8] Undefined index: id /usr/local/var/www/htdocs/lot/AM/Lib/Action/ContentAction.class.php 第 55 行.
NOTIC: [8] Undefined variable: lottery /usr/local/var/www/htdocs/lot/AM/Lib/Action/ContentAction.class.php 第 61 行.
INFO: [ view_parse ] --START--
INFO: ParseTemplate Behavior ::run [ RunTime:0.002864s ]
INFO: [ view_parse ] --END-- [ RunTime:0.002883s ]
INFO: [ view_filter ] --START--
INFO: ContentReplace Behavior ::run [ RunTime:0.000055s ]
INFO: TokenBuild Behavior ::run [ RunTime:0.000026s ]
INFO: WriteHtmlCache Behavior ::run [ RunTime:0.000025s ]
INFO: ShowRuntime Behavior ::run [ RunTime:0.000028s ]
INFO: [ view_filter ] --END-- [ RunTime:0.000155s ]
INFO: [ view_end ] --START--
INFO: ShowPageTrace Behavior ::run [ RunTime:0.000021s ]
INFO: [ view_end ] --END-- [ RunTime:0.000027s ]

[ 2019-03-01T11:57:48+08:00 ] 127.0.0.1 /am.php/content
INFO: [ route_check ] --START--
INFO: CheckRoute Behavior ::run [ RunTime:0.000027s ]
INFO: [ route_check ] --END-- [ RunTime:0.000052s ]
NOTIC: [2] preg_replace(): The /e modifier is no longer supported, use preg_replace_callback instead /usr/local/var/www/htdocs/lot/ThinkPHP/Lib/Core/Dispatcher.class.php 第 132 行.
INFO: [ app_begin ] --START--
INFO: ReadHtmlCache Behavior ::run [ RunTime:0.000022s ]
INFO: CheckLang Behavior ::run [ RunTime:0.000037s ]
INFO: [ app_begin ] --END-- [ RunTime:0.000076s ]
SQL: DESCRIBE xz_lottery [ RunTime:0.016271s ]
NOTIC: [8] Undefined index: username /usr/local/var/www/htdocs/lot/AM/Lib/Action/ContentAction.class.php 第 5 行.
NOTIC: [8] Undefined index: username /usr/local/var/www/htdocs/lot/AM/Lib/Action/ContentAction.class.php 第 5 行.
SQL: SELECT COUNT(*) AS tp_count FROM `xz_lottery` WHERE ( 1=1 ) LIMIT 1   [ RunTime:0.000226s ]
SQL: SELECT xz_lottery.*,a.city,a.province,a.icon_path FROM `xz_lottery` left join xz_user a on a.id=xz_lottery.nUserId WHERE ( 1=1 ) ORDER BY xz_lottery.id desc LIMIT 0,50   [ RunTime:0.008989s ]
INFO: [ view_parse ] --START--
INFO: ParseTemplate Behavior ::run [ RunTime:0.003166s ]
INFO: [ view_parse ] --END-- [ RunTime:0.003196s ]
INFO: [ view_filter ] --START--
INFO: ContentReplace Behavior ::run [ RunTime:0.000085s ]
INFO: TokenBuild Behavior ::run [ RunTime:0.000030s ]
INFO: WriteHtmlCache Behavior ::run [ RunTime:0.000017s ]
INFO: ShowRuntime Behavior ::run [ RunTime:0.000029s ]
INFO: [ view_filter ] --END-- [ RunTime:0.000191s ]
INFO: [ view_end ] --START--
INFO: ShowPageTrace Behavior ::run [ RunTime:0.000023s ]
INFO: [ view_end ] --END-- [ RunTime:0.000033s ]

[ 2019-03-01T11:57:49+08:00 ] 127.0.0.1 /am.php/user/index
INFO: [ route_check ] --START--
INFO: CheckRoute Behavior ::run [ RunTime:0.000025s ]
INFO: [ route_check ] --END-- [ RunTime:0.000045s ]
NOTIC: [2] preg_replace(): The /e modifier is no longer supported, use preg_replace_callback instead /usr/local/var/www/htdocs/lot/ThinkPHP/Lib/Core/Dispatcher.class.php 第 132 行.
INFO: [ app_begin ] --START--
INFO: ReadHtmlCache Behavior ::run [ RunTime:0.000020s ]
INFO: CheckLang Behavior ::run [ RunTime:0.000031s ]
INFO: [ app_begin ] --END-- [ RunTime:0.000063s ]
NOTIC: [8] A session had already been started - ignoring session_start() /usr/local/var/www/htdocs/lot/AM/Lib/Action/CommonAction.class.php 第 4 行.
SQL: DESCRIBE xz_user [ RunTime:0.004782s ]
NOTIC: [8] Undefined index: username /usr/local/var/www/htdocs/lot/AM/Lib/Action/UserAction.class.php 第 7 行.
NOTIC: [8] Undefined index: username /usr/local/var/www/htdocs/lot/AM/Lib/Action/UserAction.class.php 第 7 行.
SQL: SELECT COUNT(*) AS tp_count FROM `xz_user` LIMIT 1   [ RunTime:0.000314s ]
SQL: SELECT * FROM `xz_user` ORDER BY id desc LIMIT 0,20   [ RunTime:0.000828s ]
INFO: [ view_parse ] --START--
INFO: ParseTemplate Behavior ::run [ RunTime:0.013202s ]
INFO: [ view_parse ] --END-- [ RunTime:0.013234s ]
INFO: [ view_filter ] --START--
INFO: ContentReplace Behavior ::run [ RunTime:0.000138s ]
INFO: TokenBuild Behavior ::run [ RunTime:0.000045s ]
INFO: WriteHtmlCache Behavior ::run [ RunTime:0.000061s ]
INFO: ShowRuntime Behavior ::run [ RunTime:0.000055s ]
INFO: [ view_filter ] --END-- [ RunTime:0.000355s ]
INFO: [ view_end ] --START--
INFO: ShowPageTrace Behavior ::run [ RunTime:0.000027s ]
INFO: [ view_end ] --END-- [ RunTime:0.000038s ]

[ 2019-03-01T11:57:50+08:00 ] 127.0.0.1 /am.php/preset/index
INFO: [ route_check ] --START--
INFO: CheckRoute Behavior ::run [ RunTime:0.000038s ]
INFO: [ route_check ] --END-- [ RunTime:0.000069s ]
NOTIC: [2] preg_replace(): The /e modifier is no longer supported, use preg_replace_callback instead /usr/local/var/www/htdocs/lot/ThinkPHP/Lib/Core/Dispatcher.class.php 第 132 行.
INFO: [ app_begin ] --START--
INFO: ReadHtmlCache Behavior ::run [ RunTime:0.000035s ]
INFO: CheckLang Behavior ::run [ RunTime:0.000121s ]
INFO: [ app_begin ] --END-- [ RunTime:0.000183s ]
SQL: DESCRIBE xz_lottery_prize [ RunTime:0.006032s ]
SQL: SELECT *,(select count(1) from xz_stock where nPrizeId=xz_lottery_prize.id and nStatus=1) as num1,(select count(1) from xz_stock where nPrizeId=xz_lottery_prize.id) as num2 FROM `xz_lottery_prize` ORDER BY nOrder,id  [ RunTime:0.010506s ]
INFO: [ view_parse ] --START--
INFO: ParseTemplate Behavior ::run [ RunTime:0.016290s ]
INFO: [ view_parse ] --END-- [ RunTime:0.016315s ]
INFO: [ view_filter ] --START--
INFO: ContentReplace Behavior ::run [ RunTime:0.000038s ]
INFO: TokenBuild Behavior ::run [ RunTime:0.000018s ]
INFO: WriteHtmlCache Behavior ::run [ RunTime:0.000010s ]
INFO: ShowRuntime Behavior ::run [ RunTime:0.000018s ]
INFO: [ view_filter ] --END-- [ RunTime:0.000102s ]
INFO: [ view_end ] --START--
INFO: ShowPageTrace Behavior ::run [ RunTime:0.000013s ]
INFO: [ view_end ] --END-- [ RunTime:0.000020s ]

[ 2019-03-01T11:57:50+08:00 ] 127.0.0.1 /am.php/config/index
INFO: [ route_check ] --START--
INFO: CheckRoute Behavior ::run [ RunTime:0.000023s ]
INFO: [ route_check ] --END-- [ RunTime:0.000045s ]
NOTIC: [2] preg_replace(): The /e modifier is no longer supported, use preg_replace_callback instead /usr/local/var/www/htdocs/lot/ThinkPHP/Lib/Core/Dispatcher.class.php 第 132 行.
INFO: [ app_begin ] --START--
INFO: ReadHtmlCache Behavior ::run [ RunTime:0.000023s ]
INFO: CheckLang Behavior ::run [ RunTime:0.000039s ]
INFO: [ app_begin ] --END-- [ RunTime:0.000079s ]
NOTIC: [8] A session had already been started - ignoring session_start() /usr/local/var/www/htdocs/lot/AM/Lib/Action/Public.php 第 3 行.
SQL: DESCRIBE xz_webconfig [ RunTime:0.001489s ]
SQL: SELECT * FROM `xz_webconfig` LIMIT 1   [ RunTime:0.000259s ]
INFO: [ view_parse ] --START--
NOTIC: [8] Undefined index: nLotType /usr/local/var/www/htdocs/lot/AM/Runtime/Cache/a9d49005a72e9adca58cca6cd39ec63a.php 第 57 行.
NOTIC: [8] Undefined index: nLotType /usr/local/var/www/htdocs/lot/AM/Runtime/Cache/a9d49005a72e9adca58cca6cd39ec63a.php 第 58 行.
INFO: ParseTemplate Behavior ::run [ RunTime:0.008299s ]
INFO: [ view_parse ] --END-- [ RunTime:0.008315s ]
INFO: [ view_filter ] --START--
INFO: ContentReplace Behavior ::run [ RunTime:0.000053s ]
INFO: TokenBuild Behavior ::run [ RunTime:0.000018s ]
INFO: WriteHtmlCache Behavior ::run [ RunTime:0.000011s ]
INFO: ShowRuntime Behavior ::run [ RunTime:0.000018s ]
INFO: [ view_filter ] --END-- [ RunTime:0.000118s ]
INFO: [ view_end ] --START--
INFO: ShowPageTrace Behavior ::run [ RunTime:0.000012s ]
INFO: [ view_end ] --END-- [ RunTime:0.000019s ]

[ 2019-03-01T11:59:27+08:00 ] 127.0.0.1 /am.php/pswd/index
INFO: [ route_check ] --START--
INFO: CheckRoute Behavior ::run [ RunTime:0.000060s ]
INFO: [ route_check ] --END-- [ RunTime:0.000112s ]
NOTIC: [2] preg_replace(): The /e modifier is no longer supported, use preg_replace_callback instead /usr/local/var/www/htdocs/lot/ThinkPHP/Lib/Core/Dispatcher.class.php 第 132 行.
INFO: [ app_begin ] --START--
INFO: ReadHtmlCache Behavior ::run [ RunTime:0.000048s ]
INFO: CheckLang Behavior ::run [ RunTime:0.000099s ]
INFO: [ app_begin ] --END-- [ RunTime:0.000165s ]
NOTIC: [8] A session had already been started - ignoring session_start() /usr/local/var/www/htdocs/lot/AM/Lib/Action/Public.php 第 3 行.
SQL: DESCRIBE xz_admin [ RunTime:0.001883s ]
NOTIC: [8] A session had already been started - ignoring session_start() /usr/local/var/www/htdocs/lot/AM/Lib/Action/PswdAction.class.php 第 7 行.
SQL: SELECT * FROM `xz_admin` WHERE ( id=4 ) LIMIT 1   [ RunTime:0.000286s ]
INFO: [ view_parse ] --START--
INFO: ParseTemplate Behavior ::run [ RunTime:0.002663s ]
INFO: [ view_parse ] --END-- [ RunTime:0.002699s ]
INFO: [ view_filter ] --START--
INFO: ContentReplace Behavior ::run [ RunTime:0.000200s ]
INFO: TokenBuild Behavior ::run [ RunTime:0.000169s ]
INFO: WriteHtmlCache Behavior ::run [ RunTime:0.000034s ]
INFO: ShowRuntime Behavior ::run [ RunTime:0.000039s ]
INFO: [ view_filter ] --END-- [ RunTime:0.000511s ]
INFO: [ view_end ] --START--
INFO: ShowPageTrace Behavior ::run [ RunTime:0.000032s ]
INFO: [ view_end ] --END-- [ RunTime:0.000042s ]

[ 2019-03-01T11:59:31+08:00 ] 127.0.0.1 /am.php/preset/index
INFO: [ route_check ] --START--
INFO: CheckRoute Behavior ::run [ RunTime:0.000042s ]
INFO: [ route_check ] --END-- [ RunTime:0.000066s ]
NOTIC: [2] preg_replace(): The /e modifier is no longer supported, use preg_replace_callback instead /usr/local/var/www/htdocs/lot/ThinkPHP/Lib/Core/Dispatcher.class.php 第 132 行.
INFO: [ app_begin ] --START--
INFO: ReadHtmlCache Behavior ::run [ RunTime:0.000031s ]
INFO: CheckLang Behavior ::run [ RunTime:0.000067s ]
INFO: [ app_begin ] --END-- [ RunTime:0.000121s ]
SQL: DESCRIBE xz_lottery_prize [ RunTime:0.000482s ]
SQL: SELECT *,(select count(1) from xz_stock where nPrizeId=xz_lottery_prize.id and nStatus=1) as num1,(select count(1) from xz_stock where nPrizeId=xz_lottery_prize.id) as num2 FROM `xz_lottery_prize` ORDER BY nOrder,id  [ RunTime:0.003262s ]
INFO: [ view_parse ] --START--
INFO: ParseTemplate Behavior ::run [ RunTime:0.008909s ]
INFO: [ view_parse ] --END-- [ RunTime:0.008929s ]
INFO: [ view_filter ] --START--
INFO: ContentReplace Behavior ::run [ RunTime:0.000040s ]
INFO: TokenBuild Behavior ::run [ RunTime:0.000017s ]
INFO: WriteHtmlCache Behavior ::run [ RunTime:0.000012s ]
INFO: ShowRuntime Behavior ::run [ RunTime:0.000017s ]
INFO: [ view_filter ] --END-- [ RunTime:0.000107s ]
INFO: [ view_end ] --START--
INFO: ShowPageTrace Behavior ::run [ RunTime:0.000014s ]
INFO: [ view_end ] --END-- [ RunTime:0.000019s ]

[ 2019-03-01T11:59:33+08:00 ] 127.0.0.1 /am.php/user/index
INFO: [ route_check ] --START--
INFO: CheckRoute Behavior ::run [ RunTime:0.000022s ]
INFO: [ route_check ] --END-- [ RunTime:0.000041s ]
NOTIC: [2] preg_replace(): The /e modifier is no longer supported, use preg_replace_callback instead /usr/local/var/www/htdocs/lot/ThinkPHP/Lib/Core/Dispatcher.class.php 第 132 行.
INFO: [ app_begin ] --START--
INFO: ReadHtmlCache Behavior ::run [ RunTime:0.000016s ]
INFO: CheckLang Behavior ::run [ RunTime:0.000061s ]
INFO: [ app_begin ] --END-- [ RunTime:0.000106s ]
NOTIC: [8] A session had already been started - ignoring session_start() /usr/local/var/www/htdocs/lot/AM/Lib/Action/CommonAction.class.php 第 4 行.
SQL: DESCRIBE xz_user [ RunTime:0.000571s ]
NOTIC: [8] Undefined index: username /usr/local/var/www/htdocs/lot/AM/Lib/Action/UserAction.class.php 第 7 行.
NOTIC: [8] Undefined index: username /usr/local/var/www/htdocs/lot/AM/Lib/Action/UserAction.class.php 第 7 行.
SQL: SELECT COUNT(*) AS tp_count FROM `xz_user` LIMIT 1   [ RunTime:0.000250s ]
SQL: SELECT * FROM `xz_user` ORDER BY id desc LIMIT 0,20   [ RunTime:0.000325s ]
INFO: [ view_parse ] --START--
INFO: ParseTemplate Behavior ::run [ RunTime:0.004146s ]
INFO: [ view_parse ] --END-- [ RunTime:0.004164s ]
INFO: [ view_filter ] --START--
INFO: ContentReplace Behavior ::run [ RunTime:0.000034s ]
INFO: TokenBuild Behavior ::run [ RunTime:0.000016s ]
INFO: WriteHtmlCache Behavior ::run [ RunTime:0.000009s ]
INFO: ShowRuntime Behavior ::run [ RunTime:0.000014s ]
INFO: [ view_filter ] --END-- [ RunTime:0.000091s ]
INFO: [ view_end ] --START--
INFO: ShowPageTrace Behavior ::run [ RunTime:0.000011s ]
INFO: [ view_end ] --END-- [ RunTime:0.000016s ]

[ 2019-03-01T11:59:34+08:00 ] 127.0.0.1 /am.php/content/index
INFO: [ route_check ] --START--
INFO: CheckRoute Behavior ::run [ RunTime:0.000041s ]
INFO: [ route_check ] --END-- [ RunTime:0.000066s ]
NOTIC: [2] preg_replace(): The /e modifier is no longer supported, use preg_replace_callback instead /usr/local/var/www/htdocs/lot/ThinkPHP/Lib/Core/Dispatcher.class.php 第 132 行.
INFO: [ app_begin ] --START--
INFO: ReadHtmlCache Behavior ::run [ RunTime:0.000027s ]
INFO: CheckLang Behavior ::run [ RunTime:0.000047s ]
INFO: [ app_begin ] --END-- [ RunTime:0.000092s ]
SQL: DESCRIBE xz_lottery [ RunTime:0.000915s ]
NOTIC: [8] Undefined index: username /usr/local/var/www/htdocs/lot/AM/Lib/Action/ContentAction.class.php 第 5 行.
NOTIC: [8] Undefined index: username /usr/local/var/www/htdocs/lot/AM/Lib/Action/ContentAction.class.php 第 5 行.
SQL: SELECT COUNT(*) AS tp_count FROM `xz_lottery` WHERE ( 1=1 ) LIMIT 1   [ RunTime:0.000207s ]
SQL: SELECT xz_lottery.*,a.city,a.province,a.icon_path FROM `xz_lottery` left join xz_user a on a.id=xz_lottery.nUserId WHERE ( 1=1 ) ORDER BY xz_lottery.id desc LIMIT 0,50   [ RunTime:0.001120s ]
INFO: [ view_parse ] --START--
INFO: ParseTemplate Behavior ::run [ RunTime:0.011626s ]
INFO: [ view_parse ] --END-- [ RunTime:0.011645s ]
INFO: [ view_filter ] --START--
INFO: ContentReplace Behavior ::run [ RunTime:0.000053s ]
INFO: TokenBuild Behavior ::run [ RunTime:0.000019s ]
INFO: WriteHtmlCache Behavior ::run [ RunTime:0.000012s ]
INFO: ShowRuntime Behavior ::run [ RunTime:0.000019s ]
INFO: [ view_filter ] --END-- [ RunTime:0.000120s ]
INFO: [ view_end ] --START--
INFO: ShowPageTrace Behavior ::run [ RunTime:0.000013s ]
INFO: [ view_end ] --END-- [ RunTime:0.000019s ]

[ 2019-03-01T12:03:33+08:00 ] 127.0.0.1 /am.php/user/index
INFO: [ route_check ] --START--
INFO: CheckRoute Behavior ::run [ RunTime:0.000081s ]
INFO: [ route_check ] --END-- [ RunTime:0.000122s ]
NOTIC: [2] preg_replace(): The /e modifier is no longer supported, use preg_replace_callback instead /usr/local/var/www/htdocs/lot/ThinkPHP/Lib/Core/Dispatcher.class.php 第 132 行.
INFO: [ app_begin ] --START--
INFO: ReadHtmlCache Behavior ::run [ RunTime:0.000046s ]
INFO: CheckLang Behavior ::run [ RunTime:0.000071s ]
INFO: [ app_begin ] --END-- [ RunTime:0.000133s ]
NOTIC: [8] A session had already been started - ignoring session_start() /usr/local/var/www/htdocs/lot/AM/Lib/Action/CommonAction.class.php 第 4 行.
SQL: DESCRIBE xz_user [ RunTime:0.005632s ]
NOTIC: [8] Undefined index: username /usr/local/var/www/htdocs/lot/AM/Lib/Action/UserAction.class.php 第 7 行.
NOTIC: [8] Undefined index: username /usr/local/var/www/htdocs/lot/AM/Lib/Action/UserAction.class.php 第 7 行.
SQL: SELECT COUNT(*) AS tp_count FROM `xz_user` LIMIT 1   [ RunTime:0.000202s ]
SQL: SELECT * FROM `xz_user` ORDER BY id desc LIMIT 0,20   [ RunTime:0.000525s ]
INFO: [ view_parse ] --START--
INFO: ParseTemplate Behavior ::run [ RunTime:0.021351s ]
INFO: [ view_parse ] --END-- [ RunTime:0.021398s ]
INFO: [ view_filter ] --START--
INFO: ContentReplace Behavior ::run [ RunTime:0.000068s ]
INFO: TokenBuild Behavior ::run [ RunTime:0.000029s ]
INFO: WriteHtmlCache Behavior ::run [ RunTime:0.000061s ]
INFO: ShowRuntime Behavior ::run [ RunTime:0.000037s ]
INFO: [ view_filter ] --END-- [ RunTime:0.000216s ]
INFO: [ view_end ] --START--
INFO: ShowPageTrace Behavior ::run [ RunTime:0.000030s ]
INFO: [ view_end ] --END-- [ RunTime:0.000037s ]

[ 2019-03-01T12:03:39+08:00 ] 127.0.0.1 /am.php/preset/index
INFO: [ route_check ] --START--
INFO: CheckRoute Behavior ::run [ RunTime:0.000051s ]
INFO: [ route_check ] --END-- [ RunTime:0.000114s ]
NOTIC: [2] preg_replace(): The /e modifier is no longer supported, use preg_replace_callback instead /usr/local/var/www/htdocs/lot/ThinkPHP/Lib/Core/Dispatcher.class.php 第 132 行.
INFO: [ app_begin ] --START--
INFO: ReadHtmlCache Behavior ::run [ RunTime:0.000047s ]
INFO: CheckLang Behavior ::run [ RunTime:0.000061s ]
INFO: [ app_begin ] --END-- [ RunTime:0.000127s ]
SQL: DESCRIBE xz_lottery_prize [ RunTime:0.001349s ]
SQL: SELECT *,(select count(1) from xz_stock where nPrizeId=xz_lottery_prize.id and nStatus=1) as num1,(select count(1) from xz_stock where nPrizeId=xz_lottery_prize.id) as num2 FROM `xz_lottery_prize` ORDER BY nOrder,id  [ RunTime:0.004607s ]
INFO: [ view_parse ] --START--
INFO: ParseTemplate Behavior ::run [ RunTime:0.009286s ]
INFO: [ view_parse ] --END-- [ RunTime:0.009309s ]
INFO: [ view_filter ] --START--
INFO: ContentReplace Behavior ::run [ RunTime:0.000060s ]
INFO: TokenBuild Behavior ::run [ RunTime:0.000035s ]
INFO: WriteHtmlCache Behavior ::run [ RunTime:0.000023s ]
INFO: ShowRuntime Behavior ::run [ RunTime:0.000033s ]
INFO: [ view_filter ] --END-- [ RunTime:0.000179s ]
INFO: [ view_end ] --START--
INFO: ShowPageTrace Behavior ::run [ RunTime:0.000029s ]
INFO: [ view_end ] --END-- [ RunTime:0.000038s ]

[ 2019-03-01T12:03:40+08:00 ] 127.0.0.1 /am.php/config/index
INFO: [ route_check ] --START--
INFO: CheckRoute Behavior ::run [ RunTime:0.000027s ]
INFO: [ route_check ] --END-- [ RunTime:0.000050s ]
NOTIC: [2] preg_replace(): The /e modifier is no longer supported, use preg_replace_callback instead /usr/local/var/www/htdocs/lot/ThinkPHP/Lib/Core/Dispatcher.class.php 第 132 行.
INFO: [ app_begin ] --START--
INFO: ReadHtmlCache Behavior ::run [ RunTime:0.000022s ]
INFO: CheckLang Behavior ::run [ RunTime:0.000037s ]
INFO: [ app_begin ] --END-- [ RunTime:0.000076s ]
NOTIC: [8] A session had already been started - ignoring session_start() /usr/local/var/www/htdocs/lot/AM/Lib/Action/Public.php 第 3 行.
SQL: DESCRIBE xz_webconfig [ RunTime:0.006750s ]
SQL: SELECT * FROM `xz_webconfig` LIMIT 1   [ RunTime:0.000383s ]
INFO: [ view_parse ] --START--
NOTIC: [8] Undefined index: nLotType /usr/local/var/www/htdocs/lot/AM/Runtime/Cache/a9d49005a72e9adca58cca6cd39ec63a.php 第 57 行.
NOTIC: [8] Undefined index: nLotType /usr/local/var/www/htdocs/lot/AM/Runtime/Cache/a9d49005a72e9adca58cca6cd39ec63a.php 第 58 行.
INFO: ParseTemplate Behavior ::run [ RunTime:0.006802s ]
INFO: [ view_parse ] --END-- [ RunTime:0.006841s ]
INFO: [ view_filter ] --START--
INFO: ContentReplace Behavior ::run [ RunTime:0.000056s ]
INFO: TokenBuild Behavior ::run [ RunTime:0.000019s ]
INFO: WriteHtmlCache Behavior ::run [ RunTime:0.000012s ]
INFO: ShowRuntime Behavior ::run [ RunTime:0.000019s ]
INFO: [ view_filter ] --END-- [ RunTime:0.000125s ]
INFO: [ view_end ] --START--
INFO: ShowPageTrace Behavior ::run [ RunTime:0.000013s ]
INFO: [ view_end ] --END-- [ RunTime:0.000020s ]

[ 2019-03-01T12:03:49+08:00 ] 127.0.0.1 /am.php/preset/index
INFO: [ route_check ] --START--
INFO: CheckRoute Behavior ::run [ RunTime:0.000049s ]
INFO: [ route_check ] --END-- [ RunTime:0.000112s ]
NOTIC: [2] preg_replace(): The /e modifier is no longer supported, use preg_replace_callback instead /usr/local/var/www/htdocs/lot/ThinkPHP/Lib/Core/Dispatcher.class.php 第 132 行.
INFO: [ app_begin ] --START--
INFO: ReadHtmlCache Behavior ::run [ RunTime:0.000049s ]
INFO: CheckLang Behavior ::run [ RunTime:0.000069s ]
INFO: [ app_begin ] --END-- [ RunTime:0.000135s ]
SQL: DESCRIBE xz_lottery_prize [ RunTime:0.002756s ]
SQL: SELECT *,(select count(1) from xz_stock where nPrizeId=xz_lottery_prize.id and nStatus=1) as num1,(select count(1) from xz_stock where nPrizeId=xz_lottery_prize.id) as num2 FROM `xz_lottery_prize` ORDER BY nOrder,id  [ RunTime:0.003054s ]
INFO: [ view_parse ] --START--
INFO: ParseTemplate Behavior ::run [ RunTime:0.008179s ]
INFO: [ view_parse ] --END-- [ RunTime:0.008200s ]
INFO: [ view_filter ] --START--
INFO: ContentReplace Behavior ::run [ RunTime:0.000086s ]
INFO: TokenBuild Behavior ::run [ RunTime:0.000034s ]
INFO: WriteHtmlCache Behavior ::run [ RunTime:0.000027s ]
INFO: ShowRuntime Behavior ::run [ RunTime:0.000025s ]
INFO: [ view_filter ] --END-- [ RunTime:0.000201s ]
INFO: [ view_end ] --START--
INFO: ShowPageTrace Behavior ::run [ RunTime:0.000032s ]
INFO: [ view_end ] --END-- [ RunTime:0.000038s ]

[ 2019-03-01T12:03:51+08:00 ] 127.0.0.1 /am.php/user/index
INFO: [ route_check ] --START--
INFO: CheckRoute Behavior ::run [ RunTime:0.000044s ]
INFO: [ route_check ] --END-- [ RunTime:0.000078s ]
NOTIC: [2] preg_replace(): The /e modifier is no longer supported, use preg_replace_callback instead /usr/local/var/www/htdocs/lot/ThinkPHP/Lib/Core/Dispatcher.class.php 第 132 行.
INFO: [ app_begin ] --START--
INFO: ReadHtmlCache Behavior ::run [ RunTime:0.000030s ]
INFO: CheckLang Behavior ::run [ RunTime:0.000052s ]
INFO: [ app_begin ] --END-- [ RunTime:0.000106s ]
NOTIC: [8] A session had already been started - ignoring session_start() /usr/local/var/www/htdocs/lot/AM/Lib/Action/CommonAction.class.php 第 4 行.
SQL: DESCRIBE xz_user [ RunTime:0.003651s ]
NOTIC: [8] Undefined index: username /usr/local/var/www/htdocs/lot/AM/Lib/Action/UserAction.class.php 第 7 行.
NOTIC: [8] Undefined index: username /usr/local/var/www/htdocs/lot/AM/Lib/Action/UserAction.class.php 第 7 行.
SQL: SELECT COUNT(*) AS tp_count FROM `xz_user` LIMIT 1   [ RunTime:0.000285s ]
SQL: SELECT * FROM `xz_user` ORDER BY id desc LIMIT 0,20   [ RunTime:0.000385s ]
INFO: [ view_parse ] --START--
INFO: ParseTemplate Behavior ::run [ RunTime:0.005243s ]
INFO: [ view_parse ] --END-- [ RunTime:0.005268s ]
INFO: [ view_filter ] --START--
INFO: ContentReplace Behavior ::run [ RunTime:0.000046s ]
INFO: TokenBuild Behavior ::run [ RunTime:0.000020s ]
INFO: WriteHtmlCache Behavior ::run [ RunTime:0.000012s ]
INFO: ShowRuntime Behavior ::run [ RunTime:0.000020s ]
INFO: [ view_filter ] --END-- [ RunTime:0.000121s ]
INFO: [ view_end ] --START--
INFO: ShowPageTrace Behavior ::run [ RunTime:0.000016s ]
INFO: [ view_end ] --END-- [ RunTime:0.000023s ]

[ 2019-03-01T12:04:01+08:00 ] 127.0.0.1 /am.php/content/index
INFO: [ route_check ] --START--
INFO: CheckRoute Behavior ::run [ RunTime:0.000053s ]
INFO: [ route_check ] --END-- [ RunTime:0.000100s ]
NOTIC: [2] preg_replace(): The /e modifier is no longer supported, use preg_replace_callback instead /usr/local/var/www/htdocs/lot/ThinkPHP/Lib/Core/Dispatcher.class.php 第 132 行.
INFO: [ app_begin ] --START--
INFO: ReadHtmlCache Behavior ::run [ RunTime:0.000077s ]
INFO: CheckLang Behavior ::run [ RunTime:0.000072s ]
INFO: [ app_begin ] --END-- [ RunTime:0.000169s ]
SQL: DESCRIBE xz_lottery [ RunTime:0.001999s ]
NOTIC: [8] Undefined index: username /usr/local/var/www/htdocs/lot/AM/Lib/Action/ContentAction.class.php 第 5 行.
NOTIC: [8] Undefined index: username /usr/local/var/www/htdocs/lot/AM/Lib/Action/ContentAction.class.php 第 5 行.
SQL: SELECT COUNT(*) AS tp_count FROM `xz_lottery` WHERE ( 1=1 ) LIMIT 1   [ RunTime:0.000322s ]
SQL: SELECT xz_lottery.*,a.city,a.province,a.icon_path FROM `xz_lottery` left join xz_user a on a.id=xz_lottery.nUserId WHERE ( 1=1 ) ORDER BY xz_lottery.id desc LIMIT 0,50   [ RunTime:0.000805s ]
INFO: [ view_parse ] --START--
INFO: ParseTemplate Behavior ::run [ RunTime:0.004879s ]
INFO: [ view_parse ] --END-- [ RunTime:0.004906s ]
INFO: [ view_filter ] --START--
INFO: ContentReplace Behavior ::run [ RunTime:0.000067s ]
INFO: TokenBuild Behavior ::run [ RunTime:0.000027s ]
INFO: WriteHtmlCache Behavior ::run [ RunTime:0.000023s ]
INFO: ShowRuntime Behavior ::run [ RunTime:0.000030s ]
INFO: [ view_filter ] --END-- [ RunTime:0.000170s ]
INFO: [ view_end ] --START--
INFO: ShowPageTrace Behavior ::run [ RunTime:0.000022s ]
INFO: [ view_end ] --END-- [ RunTime:0.000029s ]

[ 2019-03-01T12:04:02+08:00 ] 127.0.0.1 /am.php/preset/index
INFO: [ route_check ] --START--
INFO: CheckRoute Behavior ::run [ RunTime:0.000027s ]
INFO: [ route_check ] --END-- [ RunTime:0.000051s ]
NOTIC: [2] preg_replace(): The /e modifier is no longer supported, use preg_replace_callback instead /usr/local/var/www/htdocs/lot/ThinkPHP/Lib/Core/Dispatcher.class.php 第 132 行.
INFO: [ app_begin ] --START--
INFO: ReadHtmlCache Behavior ::run [ RunTime:0.000031s ]
INFO: CheckLang Behavior ::run [ RunTime:0.000043s ]
INFO: [ app_begin ] --END-- [ RunTime:0.000097s ]
SQL: DESCRIBE xz_lottery_prize [ RunTime:0.003660s ]
SQL: SELECT *,(select count(1) from xz_stock where nPrizeId=xz_lottery_prize.id and nStatus=1) as num1,(select count(1) from xz_stock where nPrizeId=xz_lottery_prize.id) as num2 FROM `xz_lottery_prize` ORDER BY nOrder,id  [ RunTime:0.005738s ]
INFO: [ view_parse ] --START--
INFO: ParseTemplate Behavior ::run [ RunTime:0.001262s ]
INFO: [ view_parse ] --END-- [ RunTime:0.001280s ]
INFO: [ view_filter ] --START--
INFO: ContentReplace Behavior ::run [ RunTime:0.000035s ]
INFO: TokenBuild Behavior ::run [ RunTime:0.000017s ]
INFO: WriteHtmlCache Behavior ::run [ RunTime:0.000010s ]
INFO: ShowRuntime Behavior ::run [ RunTime:0.000016s ]
INFO: [ view_filter ] --END-- [ RunTime:0.000096s ]
INFO: [ view_end ] --START--
INFO: ShowPageTrace Behavior ::run [ RunTime:0.000013s ]
INFO: [ view_end ] --END-- [ RunTime:0.000019s ]

[ 2019-03-01T12:04:04+08:00 ] 127.0.0.1 /am.php/content/index
INFO: [ route_check ] --START--
INFO: CheckRoute Behavior ::run [ RunTime:0.000030s ]
INFO: [ route_check ] --END-- [ RunTime:0.000054s ]
NOTIC: [2] preg_replace(): The /e modifier is no longer supported, use preg_replace_callback instead /usr/local/var/www/htdocs/lot/ThinkPHP/Lib/Core/Dispatcher.class.php 第 132 行.
INFO: [ app_begin ] --START--
INFO: ReadHtmlCache Behavior ::run [ RunTime:0.000025s ]
INFO: CheckLang Behavior ::run [ RunTime:0.000041s ]
INFO: [ app_begin ] --END-- [ RunTime:0.000082s ]
SQL: DESCRIBE xz_lottery [ RunTime:0.000643s ]
NOTIC: [8] Undefined index: username /usr/local/var/www/htdocs/lot/AM/Lib/Action/ContentAction.class.php 第 5 行.
NOTIC: [8] Undefined index: username /usr/local/var/www/htdocs/lot/AM/Lib/Action/ContentAction.class.php 第 5 行.
SQL: SELECT COUNT(*) AS tp_count FROM `xz_lottery` WHERE ( 1=1 ) LIMIT 1   [ RunTime:0.000213s ]
SQL: SELECT xz_lottery.*,a.city,a.province,a.icon_path FROM `xz_lottery` left join xz_user a on a.id=xz_lottery.nUserId WHERE ( 1=1 ) ORDER BY xz_lottery.id desc LIMIT 0,50   [ RunTime:0.000796s ]
INFO: [ view_parse ] --START--
INFO: ParseTemplate Behavior ::run [ RunTime:0.001761s ]
INFO: [ view_parse ] --END-- [ RunTime:0.001783s ]
INFO: [ view_filter ] --START--
INFO: ContentReplace Behavior ::run [ RunTime:0.000055s ]
INFO: TokenBuild Behavior ::run [ RunTime:0.000022s ]
INFO: WriteHtmlCache Behavior ::run [ RunTime:0.000013s ]
INFO: ShowRuntime Behavior ::run [ RunTime:0.000022s ]
INFO: [ view_filter ] --END-- [ RunTime:0.000132s ]
INFO: [ view_end ] --START--
INFO: ShowPageTrace Behavior ::run [ RunTime:0.000016s ]
INFO: [ view_end ] --END-- [ RunTime:0.000022s ]

[ 2019-03-01T12:04:08+08:00 ] 127.0.0.1 /am.php/content/lot_del_all
INFO: [ route_check ] --START--
INFO: CheckRoute Behavior ::run [ RunTime:0.000026s ]
INFO: [ route_check ] --END-- [ RunTime:0.000047s ]
NOTIC: [2] preg_replace(): The /e modifier is no longer supported, use preg_replace_callback instead /usr/local/var/www/htdocs/lot/ThinkPHP/Lib/Core/Dispatcher.class.php 第 132 行.
INFO: [ app_begin ] --START--
INFO: ReadHtmlCache Behavior ::run [ RunTime:0.000023s ]
INFO: CheckLang Behavior ::run [ RunTime:0.000034s ]
INFO: [ app_begin ] --END-- [ RunTime:0.000070s ]
SQL: DESCRIBE xz_lottery [ RunTime:0.003306s ]
SQL: DELETE FROM `xz_lottery` WHERE ( 1=1 ) [ RunTime:0.002832s ]
INFO: [ view_parse ] --START--
INFO: ParseTemplate Behavior ::run [ RunTime:0.006764s ]
INFO: [ view_parse ] --END-- [ RunTime:0.006786s ]
INFO: [ view_filter ] --START--
INFO: ContentReplace Behavior ::run [ RunTime:0.000104s ]
INFO: TokenBuild Behavior ::run [ RunTime:0.000034s ]
INFO: WriteHtmlCache Behavior ::run [ RunTime:0.000047s ]
INFO: ShowRuntime Behavior ::run [ RunTime:0.000020s ]
INFO: [ view_filter ] --END-- [ RunTime:0.000292s ]
INFO: [ view_end ] --START--
INFO: ShowPageTrace Behavior ::run [ RunTime:0.000014s ]
INFO: [ view_end ] --END-- [ RunTime:0.000019s ]

[ 2019-03-01T12:04:09+08:00 ] 127.0.0.1 /am.php/content/index
INFO: [ route_check ] --START--
INFO: CheckRoute Behavior ::run [ RunTime:0.000025s ]
INFO: [ route_check ] --END-- [ RunTime:0.000050s ]
NOTIC: [2] preg_replace(): The /e modifier is no longer supported, use preg_replace_callback instead /usr/local/var/www/htdocs/lot/ThinkPHP/Lib/Core/Dispatcher.class.php 第 132 行.
INFO: [ app_begin ] --START--
INFO: ReadHtmlCache Behavior ::run [ RunTime:0.000022s ]
INFO: CheckLang Behavior ::run [ RunTime:0.000037s ]
INFO: [ app_begin ] --END-- [ RunTime:0.000076s ]
SQL: DESCRIBE xz_lottery [ RunTime:0.006579s ]
NOTIC: [8] Undefined index: username /usr/local/var/www/htdocs/lot/AM/Lib/Action/ContentAction.class.php 第 5 行.
NOTIC: [8] Undefined index: username /usr/local/var/www/htdocs/lot/AM/Lib/Action/ContentAction.class.php 第 5 行.
SQL: SELECT COUNT(*) AS tp_count FROM `xz_lottery` WHERE ( 1=1 ) LIMIT 1   [ RunTime:0.000272s ]
SQL: SELECT xz_lottery.*,a.city,a.province,a.icon_path FROM `xz_lottery` left join xz_user a on a.id=xz_lottery.nUserId WHERE ( 1=1 ) ORDER BY xz_lottery.id desc LIMIT 0,50   [ RunTime:0.002734s ]
INFO: [ view_parse ] --START--
INFO: ParseTemplate Behavior ::run [ RunTime:0.001379s ]
INFO: [ view_parse ] --END-- [ RunTime:0.001399s ]
INFO: [ view_filter ] --START--
INFO: ContentReplace Behavior ::run [ RunTime:0.000038s ]
INFO: TokenBuild Behavior ::run [ RunTime:0.000019s ]
INFO: WriteHtmlCache Behavior ::run [ RunTime:0.000013s ]
INFO: ShowRuntime Behavior ::run [ RunTime:0.000018s ]
INFO: [ view_filter ] --END-- [ RunTime:0.000110s ]
INFO: [ view_end ] --START--
INFO: ShowPageTrace Behavior ::run [ RunTime:0.000016s ]
INFO: [ view_end ] --END-- [ RunTime:0.000023s ]

[ 2019-03-01T12:04:10+08:00 ] 127.0.0.1 /am.php/user/index
INFO: [ route_check ] --START--
INFO: CheckRoute Behavior ::run [ RunTime:0.000020s ]
INFO: [ route_check ] --END-- [ RunTime:0.000039s ]
NOTIC: [2] preg_replace(): The /e modifier is no longer supported, use preg_replace_callback instead /usr/local/var/www/htdocs/lot/ThinkPHP/Lib/Core/Dispatcher.class.php 第 132 行.
INFO: [ app_begin ] --START--
INFO: ReadHtmlCache Behavior ::run [ RunTime:0.000017s ]
INFO: CheckLang Behavior ::run [ RunTime:0.000027s ]
INFO: [ app_begin ] --END-- [ RunTime:0.000056s ]
NOTIC: [8] A session had already been started - ignoring session_start() /usr/local/var/www/htdocs/lot/AM/Lib/Action/CommonAction.class.php 第 4 行.
SQL: DESCRIBE xz_user [ RunTime:0.001311s ]
NOTIC: [8] Undefined index: username /usr/local/var/www/htdocs/lot/AM/Lib/Action/UserAction.class.php 第 7 行.
NOTIC: [8] Undefined index: username /usr/local/var/www/htdocs/lot/AM/Lib/Action/UserAction.class.php 第 7 行.
SQL: SELECT COUNT(*) AS tp_count FROM `xz_user` LIMIT 1   [ RunTime:0.000168s ]
SQL: SELECT * FROM `xz_user` ORDER BY id desc LIMIT 0,20   [ RunTime:0.000908s ]
INFO: [ view_parse ] --START--
INFO: ParseTemplate Behavior ::run [ RunTime:0.007259s ]
INFO: [ view_parse ] --END-- [ RunTime:0.007282s ]
INFO: [ view_filter ] --START--
INFO: ContentReplace Behavior ::run [ RunTime:0.000076s ]
INFO: TokenBuild Behavior ::run [ RunTime:0.000031s ]
INFO: WriteHtmlCache Behavior ::run [ RunTime:0.000016s ]
INFO: ShowRuntime Behavior ::run [ RunTime:0.000021s ]
INFO: [ view_filter ] --END-- [ RunTime:0.000198s ]
INFO: [ view_end ] --START--
INFO: ShowPageTrace Behavior ::run [ RunTime:0.000016s ]
INFO: [ view_end ] --END-- [ RunTime:0.000024s ]

[ 2019-03-01T12:04:13+08:00 ] 127.0.0.1 /am.php/user/lot_del_all
INFO: [ route_check ] --START--
INFO: CheckRoute Behavior ::run [ RunTime:0.000035s ]
INFO: [ route_check ] --END-- [ RunTime:0.000063s ]
NOTIC: [2] preg_replace(): The /e modifier is no longer supported, use preg_replace_callback instead /usr/local/var/www/htdocs/lot/ThinkPHP/Lib/Core/Dispatcher.class.php 第 132 行.
INFO: [ app_begin ] --START--
INFO: ReadHtmlCache Behavior ::run [ RunTime:0.000030s ]
INFO: CheckLang Behavior ::run [ RunTime:0.000046s ]
INFO: [ app_begin ] --END-- [ RunTime:0.000095s ]
NOTIC: [8] A session had already been started - ignoring session_start() /usr/local/var/www/htdocs/lot/AM/Lib/Action/CommonAction.class.php 第 4 行.
SQL: DESCRIBE xz_user [ RunTime:0.000930s ]
SQL: DELETE FROM `xz_user` WHERE ( 1=1 ) [ RunTime:0.000365s ]
INFO: [ view_parse ] --START--
INFO: ParseTemplate Behavior ::run [ RunTime:0.001259s ]
INFO: [ view_parse ] --END-- [ RunTime:0.001297s ]
INFO: [ view_filter ] --START--
INFO: ContentReplace Behavior ::run [ RunTime:0.000044s ]
INFO: TokenBuild Behavior ::run [ RunTime:0.000020s ]
INFO: WriteHtmlCache Behavior ::run [ RunTime:0.000013s ]
INFO: ShowRuntime Behavior ::run [ RunTime:0.000018s ]
INFO: [ view_filter ] --END-- [ RunTime:0.000116s ]
INFO: [ view_end ] --START--
INFO: ShowPageTrace Behavior ::run [ RunTime:0.000015s ]
INFO: [ view_end ] --END-- [ RunTime:0.000020s ]

[ 2019-03-01T12:04:14+08:00 ] 127.0.0.1 /am.php/user/index
INFO: [ route_check ] --START--
INFO: CheckRoute Behavior ::run [ RunTime:0.000026s ]
INFO: [ route_check ] --END-- [ RunTime:0.000050s ]
NOTIC: [2] preg_replace(): The /e modifier is no longer supported, use preg_replace_callback instead /usr/local/var/www/htdocs/lot/ThinkPHP/Lib/Core/Dispatcher.class.php 第 132 行.
INFO: [ app_begin ] --START--
INFO: ReadHtmlCache Behavior ::run [ RunTime:0.000022s ]
INFO: CheckLang Behavior ::run [ RunTime:0.000036s ]
INFO: [ app_begin ] --END-- [ RunTime:0.000074s ]
NOTIC: [8] A session had already been started - ignoring session_start() /usr/local/var/www/htdocs/lot/AM/Lib/Action/CommonAction.class.php 第 4 行.
SQL: DESCRIBE xz_user [ RunTime:0.000799s ]
NOTIC: [8] Undefined index: username /usr/local/var/www/htdocs/lot/AM/Lib/Action/UserAction.class.php 第 7 行.
NOTIC: [8] Undefined index: username /usr/local/var/www/htdocs/lot/AM/Lib/Action/UserAction.class.php 第 7 行.
SQL: SELECT COUNT(*) AS tp_count FROM `xz_user` LIMIT 1   [ RunTime:0.000351s ]
SQL: SELECT * FROM `xz_user` ORDER BY id desc LIMIT 0,20   [ RunTime:0.000584s ]
INFO: [ view_parse ] --START--
INFO: ParseTemplate Behavior ::run [ RunTime:0.002229s ]
INFO: [ view_parse ] --END-- [ RunTime:0.002267s ]
INFO: [ view_filter ] --START--
INFO: ContentReplace Behavior ::run [ RunTime:0.000063s ]
INFO: TokenBuild Behavior ::run [ RunTime:0.000044s ]
INFO: WriteHtmlCache Behavior ::run [ RunTime:0.000032s ]
INFO: ShowRuntime Behavior ::run [ RunTime:0.000025s ]
INFO: [ view_filter ] --END-- [ RunTime:0.000204s ]
INFO: [ view_end ] --START--
INFO: ShowPageTrace Behavior ::run [ RunTime:0.000017s ]
INFO: [ view_end ] --END-- [ RunTime:0.000024s ]

[ 2019-03-01T12:04:14+08:00 ] 127.0.0.1 /am.php/preset/index
INFO: [ route_check ] --START--
INFO: CheckRoute Behavior ::run [ RunTime:0.000044s ]
INFO: [ route_check ] --END-- [ RunTime:0.000071s ]
NOTIC: [2] preg_replace(): The /e modifier is no longer supported, use preg_replace_callback instead /usr/local/var/www/htdocs/lot/ThinkPHP/Lib/Core/Dispatcher.class.php 第 132 行.
INFO: [ app_begin ] --START--
INFO: ReadHtmlCache Behavior ::run [ RunTime:0.000030s ]
INFO: CheckLang Behavior ::run [ RunTime:0.000106s ]
INFO: [ app_begin ] --END-- [ RunTime:0.000176s ]
SQL: DESCRIBE xz_lottery_prize [ RunTime:0.000825s ]
SQL: SELECT *,(select count(1) from xz_stock where nPrizeId=xz_lottery_prize.id and nStatus=1) as num1,(select count(1) from xz_stock where nPrizeId=xz_lottery_prize.id) as num2 FROM `xz_lottery_prize` ORDER BY nOrder,id  [ RunTime:0.005529s ]
INFO: [ view_parse ] --START--
INFO: ParseTemplate Behavior ::run [ RunTime:0.001195s ]
INFO: [ view_parse ] --END-- [ RunTime:0.001214s ]
INFO: [ view_filter ] --START--
INFO: ContentReplace Behavior ::run [ RunTime:0.000042s ]
INFO: TokenBuild Behavior ::run [ RunTime:0.000020s ]
INFO: WriteHtmlCache Behavior ::run [ RunTime:0.000012s ]
INFO: ShowRuntime Behavior ::run [ RunTime:0.000020s ]
INFO: [ view_filter ] --END-- [ RunTime:0.000119s ]
INFO: [ view_end ] --START--
INFO: ShowPageTrace Behavior ::run [ RunTime:0.000016s ]
INFO: [ view_end ] --END-- [ RunTime:0.000024s ]

[ 2019-03-01T12:04:16+08:00 ] 127.0.0.1 /am.php/preset/edit
INFO: [ route_check ] --START--
INFO: CheckRoute Behavior ::run [ RunTime:0.000030s ]
INFO: [ route_check ] --END-- [ RunTime:0.000053s ]
NOTIC: [2] preg_replace(): The /e modifier is no longer supported, use preg_replace_callback instead /usr/local/var/www/htdocs/lot/ThinkPHP/Lib/Core/Dispatcher.class.php 第 132 行.
INFO: [ app_begin ] --START--
INFO: ReadHtmlCache Behavior ::run [ RunTime:0.000026s ]
INFO: CheckLang Behavior ::run [ RunTime:0.000040s ]
INFO: [ app_begin ] --END-- [ RunTime:0.000083s ]
NOTIC: [8] Undefined index: id /usr/local/var/www/htdocs/lot/AM/Lib/Action/PresetAction.class.php 第 12 行.
INFO: [ view_parse ] --START--
NOTIC: [8] Undefined variable: rs /usr/local/var/www/htdocs/lot/AM/Runtime/Cache/3d8bb0b2e7fb843ab066a0764d6557db.php 第 23 行.
NOTIC: [8] Undefined variable: rs /usr/local/var/www/htdocs/lot/AM/Runtime/Cache/3d8bb0b2e7fb843ab066a0764d6557db.php 第 23 行.
NOTIC: [8] Undefined variable: rs /usr/local/var/www/htdocs/lot/AM/Runtime/Cache/3d8bb0b2e7fb843ab066a0764d6557db.php 第 28 行.
NOTIC: [8] Undefined variable: rs /usr/local/var/www/htdocs/lot/AM/Runtime/Cache/3d8bb0b2e7fb843ab066a0764d6557db.php 第 35 行.
NOTIC: [8] Undefined variable: rs /usr/local/var/www/htdocs/lot/AM/Runtime/Cache/3d8bb0b2e7fb843ab066a0764d6557db.php 第 36 行.
NOTIC: [8] Undefined variable: rs /usr/local/var/www/htdocs/lot/AM/Runtime/Cache/3d8bb0b2e7fb843ab066a0764d6557db.php 第 43 行.
NOTIC: [8] Undefined variable: rs /usr/local/var/www/htdocs/lot/AM/Runtime/Cache/3d8bb0b2e7fb843ab066a0764d6557db.php 第 54 行.
NOTIC: [8] Undefined variable: rs /usr/local/var/www/htdocs/lot/AM/Runtime/Cache/3d8bb0b2e7fb843ab066a0764d6557db.php 第 60 行.
NOTIC: [8] Undefined variable: rs /usr/local/var/www/htdocs/lot/AM/Runtime/Cache/3d8bb0b2e7fb843ab066a0764d6557db.php 第 64 行.
INFO: ParseTemplate Behavior ::run [ RunTime:0.003162s ]
INFO: [ view_parse ] --END-- [ RunTime:0.003180s ]
INFO: [ view_filter ] --START--
INFO: ContentReplace Behavior ::run [ RunTime:0.000053s ]
INFO: TokenBuild Behavior ::run [ RunTime:0.000023s ]
INFO: WriteHtmlCache Behavior ::run [ RunTime:0.000016s ]
INFO: ShowRuntime Behavior ::run [ RunTime:0.000023s ]
INFO: [ view_filter ] --END-- [ RunTime:0.000137s ]
INFO: [ view_end ] --START--
INFO: ShowPageTrace Behavior ::run [ RunTime:0.000018s ]
INFO: [ view_end ] --END-- [ RunTime:0.000025s ]

[ 2019-03-01T12:04:52+08:00 ] 127.0.0.1 /am.php/preset/save
INFO: [ route_check ] --START--
INFO: CheckRoute Behavior ::run [ RunTime:0.000044s ]
INFO: [ route_check ] --END-- [ RunTime:0.000080s ]
NOTIC: [2] preg_replace(): The /e modifier is no longer supported, use preg_replace_callback instead /usr/local/var/www/htdocs/lot/ThinkPHP/Lib/Core/Dispatcher.class.php 第 132 行.
INFO: [ app_begin ] --START--
INFO: ReadHtmlCache Behavior ::run [ RunTime:0.000041s ]
INFO: CheckLang Behavior ::run [ RunTime:0.000352s ]
INFO: [ app_begin ] --END-- [ RunTime:0.000413s ]
SQL: DESCRIBE xz_lottery_prize [ RunTime:0.000871s ]
NOTIC: [2] move_uploaded_file(Public/Uploadfiles/25ffa8781f481f8710ccf801a8d18463.jpeg): failed to open stream: Permission denied /usr/local/var/www/htdocs/lot/AM/Lib/Action/PresetAction.class.php 第 105 行.
NOTIC: [2] move_uploaded_file(): Unable to move '/private/var/tmp/php4khtO4' to 'Public/Uploadfiles/25ffa8781f481f8710ccf801a8d18463.jpeg' /usr/local/var/www/htdocs/lot/AM/Lib/Action/PresetAction.class.php 第 105 行.
SQL: INSERT INTO `xz_lottery_prize` (`id`,`title2`,`title`,`nTag`,`pic`,`nOrder`,`txt`) VALUES (0,'1等奖','电视机',0,'Uploadfiles/25ffa8781f481f8710ccf801a8d18463.jpeg',1,'啦啦啦') [ RunTime:0.000923s ]
ERR: 1364:Field 'url' doesn't have a default value
 [ SQL语句 ] : INSERT INTO `xz_lottery_prize` (`id`,`title2`,`title`,`nTag`,`pic`,`nOrder`,`txt`) VALUES (0,'1等奖','电视机',0,'Uploadfiles/25ffa8781f481f8710ccf801a8d18463.jpeg',1,'啦啦啦')
INFO: [ view_parse ] --START--
INFO: ParseTemplate Behavior ::run [ RunTime:0.009061s ]
INFO: [ view_parse ] --END-- [ RunTime:0.009093s ]
INFO: [ view_filter ] --START--
INFO: ContentReplace Behavior ::run [ RunTime:0.000083s ]
INFO: TokenBuild Behavior ::run [ RunTime:0.000041s ]
INFO: WriteHtmlCache Behavior ::run [ RunTime:0.000029s ]
INFO: ShowRuntime Behavior ::run [ RunTime:0.000039s ]
INFO: [ view_filter ] --END-- [ RunTime:0.000234s ]
INFO: [ view_end ] --START--
INFO: ShowPageTrace Behavior ::run [ RunTime:0.000037s ]
INFO: [ view_end ] --END-- [ RunTime:0.000048s ]

[ 2019-03-01T12:04:53+08:00 ] 127.0.0.1 /am.php/preset/edit
INFO: [ route_check ] --START--
INFO: CheckRoute Behavior ::run [ RunTime:0.000026s ]
INFO: [ route_check ] --END-- [ RunTime:0.000050s ]
NOTIC: [2] preg_replace(): The /e modifier is no longer supported, use preg_replace_callback instead /usr/local/var/www/htdocs/lot/ThinkPHP/Lib/Core/Dispatcher.class.php 第 132 行.
INFO: [ app_begin ] --START--
INFO: ReadHtmlCache Behavior ::run [ RunTime:0.000021s ]
INFO: CheckLang Behavior ::run [ RunTime:0.000037s ]
INFO: [ app_begin ] --END-- [ RunTime:0.000075s ]
NOTIC: [8] Undefined index: id /usr/local/var/www/htdocs/lot/AM/Lib/Action/PresetAction.class.php 第 12 行.
INFO: [ view_parse ] --START--
NOTIC: [8] Undefined variable: rs /usr/local/var/www/htdocs/lot/AM/Runtime/Cache/3d8bb0b2e7fb843ab066a0764d6557db.php 第 23 行.
NOTIC: [8] Undefined variable: rs /usr/local/var/www/htdocs/lot/AM/Runtime/Cache/3d8bb0b2e7fb843ab066a0764d6557db.php 第 23 行.
NOTIC: [8] Undefined variable: rs /usr/local/var/www/htdocs/lot/AM/Runtime/Cache/3d8bb0b2e7fb843ab066a0764d6557db.php 第 28 行.
NOTIC: [8] Undefined variable: rs /usr/local/var/www/htdocs/lot/AM/Runtime/Cache/3d8bb0b2e7fb843ab066a0764d6557db.php 第 35 行.
NOTIC: [8] Undefined variable: rs /usr/local/var/www/htdocs/lot/AM/Runtime/Cache/3d8bb0b2e7fb843ab066a0764d6557db.php 第 36 行.
NOTIC: [8] Undefined variable: rs /usr/local/var/www/htdocs/lot/AM/Runtime/Cache/3d8bb0b2e7fb843ab066a0764d6557db.php 第 43 行.
NOTIC: [8] Undefined variable: rs /usr/local/var/www/htdocs/lot/AM/Runtime/Cache/3d8bb0b2e7fb843ab066a0764d6557db.php 第 54 行.
NOTIC: [8] Undefined variable: rs /usr/local/var/www/htdocs/lot/AM/Runtime/Cache/3d8bb0b2e7fb843ab066a0764d6557db.php 第 60 行.
NOTIC: [8] Undefined variable: rs /usr/local/var/www/htdocs/lot/AM/Runtime/Cache/3d8bb0b2e7fb843ab066a0764d6557db.php 第 64 行.
INFO: ParseTemplate Behavior ::run [ RunTime:0.003150s ]
INFO: [ view_parse ] --END-- [ RunTime:0.003167s ]
INFO: [ view_filter ] --START--
INFO: ContentReplace Behavior ::run [ RunTime:0.000049s ]
INFO: TokenBuild Behavior ::run [ RunTime:0.000021s ]
INFO: WriteHtmlCache Behavior ::run [ RunTime:0.000014s ]
INFO: ShowRuntime Behavior ::run [ RunTime:0.000021s ]
INFO: [ view_filter ] --END-- [ RunTime:0.000127s ]
INFO: [ view_end ] --START--
INFO: ShowPageTrace Behavior ::run [ RunTime:0.000016s ]
INFO: [ view_end ] --END-- [ RunTime:0.000023s ]

[ 2019-03-01T12:04:55+08:00 ] 127.0.0.1 /am.php/preset/index
INFO: [ route_check ] --START--
INFO: CheckRoute Behavior ::run [ RunTime:0.000030s ]
INFO: [ route_check ] --END-- [ RunTime:0.000053s ]
NOTIC: [2] preg_replace(): The /e modifier is no longer supported, use preg_replace_callback instead /usr/local/var/www/htdocs/lot/ThinkPHP/Lib/Core/Dispatcher.class.php 第 132 行.
INFO: [ app_begin ] --START--
INFO: ReadHtmlCache Behavior ::run [ RunTime:0.000026s ]
INFO: CheckLang Behavior ::run [ RunTime:0.000041s ]
INFO: [ app_begin ] --END-- [ RunTime:0.000083s ]
SQL: DESCRIBE xz_lottery_prize [ RunTime:0.003691s ]
SQL: SELECT *,(select count(1) from xz_stock where nPrizeId=xz_lottery_prize.id and nStatus=1) as num1,(select count(1) from xz_stock where nPrizeId=xz_lottery_prize.id) as num2 FROM `xz_lottery_prize` ORDER BY nOrder,id  [ RunTime:0.006726s ]
INFO: [ view_parse ] --START--
INFO: ParseTemplate Behavior ::run [ RunTime:0.005705s ]
INFO: [ view_parse ] --END-- [ RunTime:0.005737s ]
INFO: [ view_filter ] --START--
INFO: ContentReplace Behavior ::run [ RunTime:0.000068s ]
INFO: TokenBuild Behavior ::run [ RunTime:0.000031s ]
INFO: WriteHtmlCache Behavior ::run [ RunTime:0.000020s ]
INFO: ShowRuntime Behavior ::run [ RunTime:0.000041s ]
INFO: [ view_filter ] --END-- [ RunTime:0.000198s ]
INFO: [ view_end ] --START--
INFO: ShowPageTrace Behavior ::run [ RunTime:0.000024s ]
INFO: [ view_end ] --END-- [ RunTime:0.000034s ]

[ 2019-03-01T12:05:00+08:00 ] 127.0.0.1 /am.php/preset/stock
INFO: [ route_check ] --START--
INFO: CheckRoute Behavior ::run [ RunTime:0.000058s ]
INFO: [ route_check ] --END-- [ RunTime:0.000131s ]
NOTIC: [2] preg_replace(): The /e modifier is no longer supported, use preg_replace_callback instead /usr/local/var/www/htdocs/lot/ThinkPHP/Lib/Core/Dispatcher.class.php 第 132 行.
INFO: [ app_begin ] --START--
INFO: ReadHtmlCache Behavior ::run [ RunTime:0.000034s ]
INFO: CheckLang Behavior ::run [ RunTime:0.000056s ]
INFO: [ app_begin ] --END-- [ RunTime:0.000108s ]
NOTIC: [8] Undefined index: id /usr/local/var/www/htdocs/lot/AM/Lib/Action/PresetAction.class.php 第 23 行.
SQL: DESCRIBE xz_lottery_prize [ RunTime:0.000394s ]
SQL: SELECT * FROM `xz_lottery_prize` ORDER BY nOrder,id  [ RunTime:0.000259s ]
INFO: [ view_parse ] --START--
INFO: ParseTemplate Behavior ::run [ RunTime:0.008317s ]
INFO: [ view_parse ] --END-- [ RunTime:0.008353s ]
INFO: [ view_filter ] --START--
INFO: ContentReplace Behavior ::run [ RunTime:0.000041s ]
INFO: TokenBuild Behavior ::run [ RunTime:0.000027s ]
INFO: WriteHtmlCache Behavior ::run [ RunTime:0.000017s ]
INFO: ShowRuntime Behavior ::run [ RunTime:0.000024s ]
INFO: [ view_filter ] --END-- [ RunTime:0.000127s ]
INFO: [ view_end ] --START--
INFO: ShowPageTrace Behavior ::run [ RunTime:0.000021s ]
INFO: [ view_end ] --END-- [ RunTime:0.000027s ]

[ 2019-03-01T12:05:03+08:00 ] 127.0.0.1 /am.php/preset/stock_save
INFO: [ route_check ] --START--
INFO: CheckRoute Behavior ::run [ RunTime:0.000029s ]
INFO: [ route_check ] --END-- [ RunTime:0.000052s ]
NOTIC: [2] preg_replace(): The /e modifier is no longer supported, use preg_replace_callback instead /usr/local/var/www/htdocs/lot/ThinkPHP/Lib/Core/Dispatcher.class.php 第 132 行.
INFO: [ app_begin ] --START--
INFO: ReadHtmlCache Behavior ::run [ RunTime:0.000026s ]
INFO: CheckLang Behavior ::run [ RunTime:0.000040s ]
INFO: [ app_begin ] --END-- [ RunTime:0.000082s ]
SQL: DESCRIBE xz_stock [ RunTime:0.005327s ]
SQL: INSERT INTO `xz_stock` (`nPrizeId`) VALUES (1) [ RunTime:0.000876s ]
SQL: INSERT INTO `xz_stock` (`nPrizeId`) VALUES (1) [ RunTime:0.000224s ]
SQL: INSERT INTO `xz_stock` (`nPrizeId`) VALUES (1) [ RunTime:0.000193s ]
SQL: INSERT INTO `xz_stock` (`nPrizeId`) VALUES (1) [ RunTime:0.000145s ]
INFO: [ view_parse ] --START--
INFO: ParseTemplate Behavior ::run [ RunTime:0.000902s ]
INFO: [ view_parse ] --END-- [ RunTime:0.000924s ]
INFO: [ view_filter ] --START--
INFO: ContentReplace Behavior ::run [ RunTime:0.000039s ]
INFO: TokenBuild Behavior ::run [ RunTime:0.000024s ]
INFO: WriteHtmlCache Behavior ::run [ RunTime:0.000016s ]
INFO: ShowRuntime Behavior ::run [ RunTime:0.000022s ]
INFO: [ view_filter ] --END-- [ RunTime:0.000124s ]
INFO: [ view_end ] --START--
INFO: ShowPageTrace Behavior ::run [ RunTime:0.000019s ]
INFO: [ view_end ] --END-- [ RunTime:0.000027s ]

[ 2019-03-01T12:05:05+08:00 ] 127.0.0.1 /am.php/preset/index
INFO: [ route_check ] --START--
INFO: CheckRoute Behavior ::run [ RunTime:0.000026s ]
INFO: [ route_check ] --END-- [ RunTime:0.000049s ]
NOTIC: [2] preg_replace(): The /e modifier is no longer supported, use preg_replace_callback instead /usr/local/var/www/htdocs/lot/ThinkPHP/Lib/Core/Dispatcher.class.php 第 132 行.
INFO: [ app_begin ] --START--
INFO: ReadHtmlCache Behavior ::run [ RunTime:0.000022s ]
INFO: CheckLang Behavior ::run [ RunTime:0.000037s ]
INFO: [ app_begin ] --END-- [ RunTime:0.000076s ]
SQL: DESCRIBE xz_lottery_prize [ RunTime:0.000467s ]
SQL: SELECT *,(select count(1) from xz_stock where nPrizeId=xz_lottery_prize.id and nStatus=1) as num1,(select count(1) from xz_stock where nPrizeId=xz_lottery_prize.id) as num2 FROM `xz_lottery_prize` ORDER BY nOrder,id  [ RunTime:0.002209s ]
INFO: [ view_parse ] --START--
INFO: ParseTemplate Behavior ::run [ RunTime:0.001307s ]
INFO: [ view_parse ] --END-- [ RunTime:0.001329s ]
INFO: [ view_filter ] --START--
INFO: ContentReplace Behavior ::run [ RunTime:0.000044s ]
INFO: TokenBuild Behavior ::run [ RunTime:0.000022s ]
INFO: WriteHtmlCache Behavior ::run [ RunTime:0.000087s ]
INFO: ShowRuntime Behavior ::run [ RunTime:0.000034s ]
INFO: [ view_filter ] --END-- [ RunTime:0.000236s ]
INFO: [ view_end ] --START--
INFO: ShowPageTrace Behavior ::run [ RunTime:0.000015s ]
INFO: [ view_end ] --END-- [ RunTime:0.000022s ]

[ 2019-03-01T12:05:10+08:00 ] 127.0.0.1 /am.php/config/index
INFO: [ route_check ] --START--
INFO: CheckRoute Behavior ::run [ RunTime:0.000055s ]
INFO: [ route_check ] --END-- [ RunTime:0.000114s ]
NOTIC: [2] preg_replace(): The /e modifier is no longer supported, use preg_replace_callback instead /usr/local/var/www/htdocs/lot/ThinkPHP/Lib/Core/Dispatcher.class.php 第 132 行.
INFO: [ app_begin ] --START--
INFO: ReadHtmlCache Behavior ::run [ RunTime:0.000040s ]
INFO: CheckLang Behavior ::run [ RunTime:0.000063s ]
INFO: [ app_begin ] --END-- [ RunTime:0.000120s ]
NOTIC: [8] A session had already been started - ignoring session_start() /usr/local/var/www/htdocs/lot/AM/Lib/Action/Public.php 第 3 行.
SQL: DESCRIBE xz_webconfig [ RunTime:0.001027s ]
SQL: SELECT * FROM `xz_webconfig` LIMIT 1   [ RunTime:0.000308s ]
INFO: [ view_parse ] --START--
NOTIC: [8] Undefined index: nLotType /usr/local/var/www/htdocs/lot/AM/Runtime/Cache/a9d49005a72e9adca58cca6cd39ec63a.php 第 57 行.
NOTIC: [8] Undefined index: nLotType /usr/local/var/www/htdocs/lot/AM/Runtime/Cache/a9d49005a72e9adca58cca6cd39ec63a.php 第 58 行.
INFO: ParseTemplate Behavior ::run [ RunTime:0.004147s ]
INFO: [ view_parse ] --END-- [ RunTime:0.004164s ]
INFO: [ view_filter ] --START--
INFO: ContentReplace Behavior ::run [ RunTime:0.000067s ]
INFO: TokenBuild Behavior ::run [ RunTime:0.000035s ]
INFO: WriteHtmlCache Behavior ::run [ RunTime:0.000020s ]
INFO: ShowRuntime Behavior ::run [ RunTime:0.000029s ]
INFO: [ view_filter ] --END-- [ RunTime:0.000172s ]
INFO: [ view_end ] --START--
INFO: ShowPageTrace Behavior ::run [ RunTime:0.000023s ]
INFO: [ view_end ] --END-- [ RunTime:0.000029s ]

[ 2019-03-01T12:05:11+08:00 ] 127.0.0.1 /am.php/preset/index
INFO: [ route_check ] --START--
INFO: CheckRoute Behavior ::run [ RunTime:0.000048s ]
INFO: [ route_check ] --END-- [ RunTime:0.000117s ]
NOTIC: [2] preg_replace(): The /e modifier is no longer supported, use preg_replace_callback instead /usr/local/var/www/htdocs/lot/ThinkPHP/Lib/Core/Dispatcher.class.php 第 132 行.
INFO: [ app_begin ] --START--
INFO: ReadHtmlCache Behavior ::run [ RunTime:0.000021s ]
INFO: CheckLang Behavior ::run [ RunTime:0.000030s ]
INFO: [ app_begin ] --END-- [ RunTime:0.000064s ]
SQL: DESCRIBE xz_lottery_prize [ RunTime:0.000401s ]
SQL: SELECT *,(select count(1) from xz_stock where nPrizeId=xz_lottery_prize.id and nStatus=1) as num1,(select count(1) from xz_stock where nPrizeId=xz_lottery_prize.id) as num2 FROM `xz_lottery_prize` ORDER BY nOrder,id  [ RunTime:0.007624s ]
INFO: [ view_parse ] --START--
INFO: ParseTemplate Behavior ::run [ RunTime:0.001463s ]
INFO: [ view_parse ] --END-- [ RunTime:0.001488s ]
INFO: [ view_filter ] --START--
INFO: ContentReplace Behavior ::run [ RunTime:0.000048s ]
INFO: TokenBuild Behavior ::run [ RunTime:0.000018s ]
INFO: WriteHtmlCache Behavior ::run [ RunTime:0.000011s ]
INFO: ShowRuntime Behavior ::run [ RunTime:0.000018s ]
INFO: [ view_filter ] --END-- [ RunTime:0.000117s ]
INFO: [ view_end ] --START--
INFO: ShowPageTrace Behavior ::run [ RunTime:0.000025s ]
INFO: [ view_end ] --END-- [ RunTime:0.000041s ]

[ 2019-03-01T12:05:15+08:00 ] 127.0.0.1 /am.php/config/index
INFO: [ route_check ] --START--
INFO: CheckRoute Behavior ::run [ RunTime:0.000031s ]
INFO: [ route_check ] --END-- [ RunTime:0.000055s ]
NOTIC: [2] preg_replace(): The /e modifier is no longer supported, use preg_replace_callback instead /usr/local/var/www/htdocs/lot/ThinkPHP/Lib/Core/Dispatcher.class.php 第 132 行.
INFO: [ app_begin ] --START--
INFO: ReadHtmlCache Behavior ::run [ RunTime:0.000026s ]
INFO: CheckLang Behavior ::run [ RunTime:0.000042s ]
INFO: [ app_begin ] --END-- [ RunTime:0.000085s ]
NOTIC: [8] A session had already been started - ignoring session_start() /usr/local/var/www/htdocs/lot/AM/Lib/Action/Public.php 第 3 行.
SQL: DESCRIBE xz_webconfig [ RunTime:0.004138s ]
SQL: SELECT * FROM `xz_webconfig` LIMIT 1   [ RunTime:0.000464s ]
INFO: [ view_parse ] --START--
NOTIC: [8] Undefined index: nLotType /usr/local/var/www/htdocs/lot/AM/Runtime/Cache/a9d49005a72e9adca58cca6cd39ec63a.php 第 57 行.
NOTIC: [8] Undefined index: nLotType /usr/local/var/www/htdocs/lot/AM/Runtime/Cache/a9d49005a72e9adca58cca6cd39ec63a.php 第 58 行.
INFO: ParseTemplate Behavior ::run [ RunTime:0.001849s ]
INFO: [ view_parse ] --END-- [ RunTime:0.001869s ]
INFO: [ view_filter ] --START--
INFO: ContentReplace Behavior ::run [ RunTime:0.000073s ]
INFO: TokenBuild Behavior ::run [ RunTime:0.000053s ]
INFO: WriteHtmlCache Behavior ::run [ RunTime:0.000021s ]
INFO: ShowRuntime Behavior ::run [ RunTime:0.000027s ]
INFO: [ view_filter ] --END-- [ RunTime:0.000234s ]
INFO: [ view_end ] --START--
INFO: ShowPageTrace Behavior ::run [ RunTime:0.000021s ]
INFO: [ view_end ] --END-- [ RunTime:0.000029s ]

[ 2019-03-01T12:05:58+08:00 ] 127.0.0.1 /am.php/config/save
INFO: [ route_check ] --START--
INFO: CheckRoute Behavior ::run [ RunTime:0.000067s ]
INFO: [ route_check ] --END-- [ RunTime:0.000114s ]
NOTIC: [2] preg_replace(): The /e modifier is no longer supported, use preg_replace_callback instead /usr/local/var/www/htdocs/lot/ThinkPHP/Lib/Core/Dispatcher.class.php 第 132 行.
INFO: [ app_begin ] --START--
INFO: ReadHtmlCache Behavior ::run [ RunTime:0.000047s ]
INFO: CheckLang Behavior ::run [ RunTime:0.000090s ]
INFO: [ app_begin ] --END-- [ RunTime:0.000154s ]
NOTIC: [8] A session had already been started - ignoring session_start() /usr/local/var/www/htdocs/lot/AM/Lib/Action/Public.php 第 3 行.
SQL: DESCRIBE xz_webconfig [ RunTime:0.002265s ]
NOTIC: [2] move_uploaded_file(Public/Uploadfiles/aa36a8efb35ce16b537861849dec1fe1.png): failed to open stream: Permission denied /usr/local/var/www/htdocs/lot/AM/Lib/Action/ConfigAction.class.php 第 48 行.
NOTIC: [2] move_uploaded_file(): Unable to move '/private/var/tmp/php9ksqNt' to 'Public/Uploadfiles/aa36a8efb35ce16b537861849dec1fe1.png' /usr/local/var/www/htdocs/lot/AM/Lib/Action/ConfigAction.class.php 第 48 行.
NOTIC: [2] move_uploaded_file(Public/Uploadfiles/9907d0a2cb12b3058cf7f464c166c0be.png): failed to open stream: Permission denied /usr/local/var/www/htdocs/lot/AM/Lib/Action/ConfigAction.class.php 第 48 行.
NOTIC: [2] move_uploaded_file(): Unable to move '/private/var/tmp/php7sRk0y' to 'Public/Uploadfiles/9907d0a2cb12b3058cf7f464c166c0be.png' /usr/local/var/www/htdocs/lot/AM/Lib/Action/ConfigAction.class.php 第 48 行.
SQL: UPDATE `xz_webconfig` SET `web_name`='幸运大抽奖',`initNum`=0,`startTime`='2019-01-01 00:00:01',`endTime`='2019-05-09 23:59:59',`dj_pswd`='123456',`txt2`='这里填写活动规则',`bg_url`='Uploadfiles/aa36a8efb35ce16b537861849dec1fe1.png',`nLotTimes`=1,`sharetime`=0,`sharenum`=0,`nNeedGZ`=1,`ewm_pic`='Uploadfiles/9907d0a2cb12b3058cf7f464c166c0be.png',`nMusicTag`=0,`music_url`='',`logo_path`='',`txt1`='感谢参与，请留意大屏幕的中奖信息' WHERE ( `id` = 1 ) [ RunTime:0.000362s ]
INFO: [ view_parse ] --START--
INFO: ParseTemplate Behavior ::run [ RunTime:0.001507s ]
INFO: [ view_parse ] --END-- [ RunTime:0.001532s ]
INFO: [ view_filter ] --START--
INFO: ContentReplace Behavior ::run [ RunTime:0.000077s ]
INFO: TokenBuild Behavior ::run [ RunTime:0.000057s ]
INFO: WriteHtmlCache Behavior ::run [ RunTime:0.000023s ]
INFO: ShowRuntime Behavior ::run [ RunTime:0.000028s ]
INFO: [ view_filter ] --END-- [ RunTime:0.000226s ]
INFO: [ view_end ] --START--
INFO: ShowPageTrace Behavior ::run [ RunTime:0.000029s ]
INFO: [ view_end ] --END-- [ RunTime:0.000037s ]

[ 2019-03-01T12:05:59+08:00 ] 127.0.0.1 /am.php/config/index
INFO: [ route_check ] --START--
INFO: CheckRoute Behavior ::run [ RunTime:0.000026s ]
INFO: [ route_check ] --END-- [ RunTime:0.000049s ]
NOTIC: [2] preg_replace(): The /e modifier is no longer supported, use preg_replace_callback instead /usr/local/var/www/htdocs/lot/ThinkPHP/Lib/Core/Dispatcher.class.php 第 132 行.
INFO: [ app_begin ] --START--
INFO: ReadHtmlCache Behavior ::run [ RunTime:0.000022s ]
INFO: CheckLang Behavior ::run [ RunTime:0.000037s ]
INFO: [ app_begin ] --END-- [ RunTime:0.000075s ]
NOTIC: [8] A session had already been started - ignoring session_start() /usr/local/var/www/htdocs/lot/AM/Lib/Action/Public.php 第 3 行.
SQL: DESCRIBE xz_webconfig [ RunTime:0.003830s ]
SQL: SELECT * FROM `xz_webconfig` LIMIT 1   [ RunTime:0.000424s ]
INFO: [ view_parse ] --START--
NOTIC: [8] Undefined index: nLotType /usr/local/var/www/htdocs/lot/AM/Runtime/Cache/a9d49005a72e9adca58cca6cd39ec63a.php 第 57 行.
NOTIC: [8] Undefined index: nLotType /usr/local/var/www/htdocs/lot/AM/Runtime/Cache/a9d49005a72e9adca58cca6cd39ec63a.php 第 58 行.
INFO: ParseTemplate Behavior ::run [ RunTime:0.002133s ]
INFO: [ view_parse ] --END-- [ RunTime:0.002148s ]
INFO: [ view_filter ] --START--
INFO: ContentReplace Behavior ::run [ RunTime:0.000053s ]
INFO: TokenBuild Behavior ::run [ RunTime:0.000021s ]
INFO: WriteHtmlCache Behavior ::run [ RunTime:0.000012s ]
INFO: ShowRuntime Behavior ::run [ RunTime:0.000022s ]
INFO: [ view_filter ] --END-- [ RunTime:0.000130s ]
INFO: [ view_end ] --START--
INFO: ShowPageTrace Behavior ::run [ RunTime:0.000016s ]
INFO: [ view_end ] --END-- [ RunTime:0.000023s ]

[ 2019-03-01T12:06:01+08:00 ] 127.0.0.1 /am.php/config/index
INFO: [ route_check ] --START--
INFO: CheckRoute Behavior ::run [ RunTime:0.000061s ]
INFO: [ route_check ] --END-- [ RunTime:0.000092s ]
NOTIC: [2] preg_replace(): The /e modifier is no longer supported, use preg_replace_callback instead /usr/local/var/www/htdocs/lot/ThinkPHP/Lib/Core/Dispatcher.class.php 第 132 行.
INFO: [ app_begin ] --START--
INFO: ReadHtmlCache Behavior ::run [ RunTime:0.000036s ]
INFO: CheckLang Behavior ::run [ RunTime:0.000051s ]
INFO: [ app_begin ] --END-- [ RunTime:0.000102s ]
NOTIC: [8] A session had already been started - ignoring session_start() /usr/local/var/www/htdocs/lot/AM/Lib/Action/Public.php 第 3 行.
SQL: DESCRIBE xz_webconfig [ RunTime:0.004622s ]
SQL: SELECT * FROM `xz_webconfig` LIMIT 1   [ RunTime:0.000539s ]
INFO: [ view_parse ] --START--
NOTIC: [8] Undefined index: nLotType /usr/local/var/www/htdocs/lot/AM/Runtime/Cache/a9d49005a72e9adca58cca6cd39ec63a.php 第 57 行.
NOTIC: [8] Undefined index: nLotType /usr/local/var/www/htdocs/lot/AM/Runtime/Cache/a9d49005a72e9adca58cca6cd39ec63a.php 第 58 行.
INFO: ParseTemplate Behavior ::run [ RunTime:0.003186s ]
INFO: [ view_parse ] --END-- [ RunTime:0.003217s ]
INFO: [ view_filter ] --START--
INFO: ContentReplace Behavior ::run [ RunTime:0.000088s ]
INFO: TokenBuild Behavior ::run [ RunTime:0.000046s ]
INFO: WriteHtmlCache Behavior ::run [ RunTime:0.000025s ]
INFO: ShowRuntime Behavior ::run [ RunTime:0.000036s ]
INFO: [ view_filter ] --END-- [ RunTime:0.000220s ]
INFO: [ view_end ] --START--
INFO: ShowPageTrace Behavior ::run [ RunTime:0.000031s ]
INFO: [ view_end ] --END-- [ RunTime:0.000041s ]

[ 2019-03-01T12:06:02+08:00 ] 127.0.0.1 /am.php/config/index
INFO: [ route_check ] --START--
INFO: CheckRoute Behavior ::run [ RunTime:0.000026s ]
INFO: [ route_check ] --END-- [ RunTime:0.000049s ]
NOTIC: [2] preg_replace(): The /e modifier is no longer supported, use preg_replace_callback instead /usr/local/var/www/htdocs/lot/ThinkPHP/Lib/Core/Dispatcher.class.php 第 132 行.
INFO: [ app_begin ] --START--
INFO: ReadHtmlCache Behavior ::run [ RunTime:0.000022s ]
INFO: CheckLang Behavior ::run [ RunTime:0.000037s ]
INFO: [ app_begin ] --END-- [ RunTime:0.000076s ]
NOTIC: [8] A session had already been started - ignoring session_start() /usr/local/var/www/htdocs/lot/AM/Lib/Action/Public.php 第 3 行.
SQL: DESCRIBE xz_webconfig [ RunTime:0.001814s ]
SQL: SELECT * FROM `xz_webconfig` LIMIT 1   [ RunTime:0.000440s ]
INFO: [ view_parse ] --START--
NOTIC: [8] Undefined index: nLotType /usr/local/var/www/htdocs/lot/AM/Runtime/Cache/a9d49005a72e9adca58cca6cd39ec63a.php 第 57 行.
NOTIC: [8] Undefined index: nLotType /usr/local/var/www/htdocs/lot/AM/Runtime/Cache/a9d49005a72e9adca58cca6cd39ec63a.php 第 58 行.
INFO: ParseTemplate Behavior ::run [ RunTime:0.001790s ]
INFO: [ view_parse ] --END-- [ RunTime:0.001807s ]
INFO: [ view_filter ] --START--
INFO: ContentReplace Behavior ::run [ RunTime:0.000054s ]
INFO: TokenBuild Behavior ::run [ RunTime:0.000023s ]
INFO: WriteHtmlCache Behavior ::run [ RunTime:0.000013s ]
INFO: ShowRuntime Behavior ::run [ RunTime:0.000023s ]
INFO: [ view_filter ] --END-- [ RunTime:0.000136s ]
INFO: [ view_end ] --START--
INFO: ShowPageTrace Behavior ::run [ RunTime:0.000015s ]
INFO: [ view_end ] --END-- [ RunTime:0.000023s ]

[ 2019-03-01T12:09:46+08:00 ] 127.0.0.1 /am.php/config/save
INFO: [ route_check ] --START--
INFO: CheckRoute Behavior ::run [ RunTime:0.000113s ]
INFO: [ route_check ] --END-- [ RunTime:0.000155s ]
NOTIC: [2] preg_replace(): The /e modifier is no longer supported, use preg_replace_callback instead /usr/local/var/www/htdocs/lot/ThinkPHP/Lib/Core/Dispatcher.class.php 第 132 行.
INFO: [ app_begin ] --START--
INFO: ReadHtmlCache Behavior ::run [ RunTime:0.000057s ]
INFO: CheckLang Behavior ::run [ RunTime:0.000077s ]
INFO: [ app_begin ] --END-- [ RunTime:0.000151s ]
NOTIC: [8] A session had already been started - ignoring session_start() /usr/local/var/www/htdocs/lot/AM/Lib/Action/Public.php 第 3 行.
SQL: DESCRIBE xz_webconfig [ RunTime:0.001316s ]
SQL: UPDATE `xz_webconfig` SET `web_name`='幸运大抽奖',`initNum`=0,`startTime`='2019-01-01 00:00:01',`endTime`='2019-05-09 23:59:59',`dj_pswd`='123456',`txt2`='这里填写活动规则',`bg_url`='Uploadfiles/d55cd6f43a69c86a275c553f73fd4419.png',`nLotTimes`=1,`sharetime`=0,`sharenum`=0,`nNeedGZ`=1,`ewm_pic`='Uploadfiles/70359619ed94702293e1b5e1dc2a86f0.png',`nMusicTag`=0,`music_url`='',`logo_path`='',`txt1`='感谢参与，请留意大屏幕的中奖信息' WHERE ( `id` = 1 ) [ RunTime:0.000528s ]
INFO: [ view_parse ] --START--
INFO: ParseTemplate Behavior ::run [ RunTime:0.002810s ]
INFO: [ view_parse ] --END-- [ RunTime:0.002849s ]
INFO: [ view_filter ] --START--
INFO: ContentReplace Behavior ::run [ RunTime:0.000190s ]
INFO: TokenBuild Behavior ::run [ RunTime:0.000053s ]
INFO: WriteHtmlCache Behavior ::run [ RunTime:0.000035s ]
INFO: ShowRuntime Behavior ::run [ RunTime:0.000045s ]
INFO: [ view_filter ] --END-- [ RunTime:0.000371s ]
INFO: [ view_end ] --START--
INFO: ShowPageTrace Behavior ::run [ RunTime:0.000044s ]
INFO: [ view_end ] --END-- [ RunTime:0.000053s ]

[ 2019-03-01T12:09:47+08:00 ] 127.0.0.1 /am.php/config/index
INFO: [ route_check ] --START--
INFO: CheckRoute Behavior ::run [ RunTime:0.000027s ]
INFO: [ route_check ] --END-- [ RunTime:0.000050s ]
NOTIC: [2] preg_replace(): The /e modifier is no longer supported, use preg_replace_callback instead /usr/local/var/www/htdocs/lot/ThinkPHP/Lib/Core/Dispatcher.class.php 第 132 行.
INFO: [ app_begin ] --START--
INFO: ReadHtmlCache Behavior ::run [ RunTime:0.000023s ]
INFO: CheckLang Behavior ::run [ RunTime:0.000038s ]
INFO: [ app_begin ] --END-- [ RunTime:0.000077s ]
NOTIC: [8] A session had already been started - ignoring session_start() /usr/local/var/www/htdocs/lot/AM/Lib/Action/Public.php 第 3 行.
SQL: DESCRIBE xz_webconfig [ RunTime:0.000827s ]
SQL: SELECT * FROM `xz_webconfig` LIMIT 1   [ RunTime:0.000377s ]
INFO: [ view_parse ] --START--
NOTIC: [8] Undefined index: nLotType /usr/local/var/www/htdocs/lot/AM/Runtime/Cache/a9d49005a72e9adca58cca6cd39ec63a.php 第 57 行.
NOTIC: [8] Undefined index: nLotType /usr/local/var/www/htdocs/lot/AM/Runtime/Cache/a9d49005a72e9adca58cca6cd39ec63a.php 第 58 行.
INFO: ParseTemplate Behavior ::run [ RunTime:0.010092s ]
INFO: [ view_parse ] --END-- [ RunTime:0.010112s ]
INFO: [ view_filter ] --START--
INFO: ContentReplace Behavior ::run [ RunTime:0.000067s ]
INFO: TokenBuild Behavior ::run [ RunTime:0.000024s ]
INFO: WriteHtmlCache Behavior ::run [ RunTime:0.000013s ]
INFO: ShowRuntime Behavior ::run [ RunTime:0.000023s ]
INFO: [ view_filter ] --END-- [ RunTime:0.000149s ]
INFO: [ view_end ] --START--
INFO: ShowPageTrace Behavior ::run [ RunTime:0.000018s ]
INFO: [ view_end ] --END-- [ RunTime:0.000027s ]

