[ 2019-02-28T10:37:39+08:00 ] 127.0.0.1 /A-LOTTERY/lot888WX/am.php
INFO: [ app_begin ] --START--
INFO: ReadHtmlCache Behavior ::run [ RunTime:0.040414s ]
INFO: CheckLang Behavior ::run [ RunTime:0.209050s ]
INFO: [ app_begin ] --END-- [ RunTime:0.251333s ]
NOTIC: [8] Undefined index:  admin_name F:\AppServ\www\A-LOTTERY\lot888WX\AM\Lib\Action\IndexAction.class.php 第 4 行.

[ 2019-02-28T10:37:39+08:00 ] 127.0.0.1 /A-LOTTERY/lot888WX/am.php/login/index.html
INFO: [ route_check ] --START--
INFO: CheckRoute Behavior ::run [ RunTime:0.011228s ]
INFO: [ route_check ] --END-- [ RunTime:0.012593s ]
INFO: [ app_begin ] --START--
INFO: ReadHtmlCache Behavior ::run [ RunTime:0.014883s ]
INFO: CheckLang Behavior ::run [ RunTime:0.022728s ]
INFO: [ app_begin ] --END-- [ RunTime:0.040432s ]
INFO: [ view_parse ] --START--
INFO: ParseTemplate Behavior ::run [ RunTime:0.113589s ]
INFO: [ view_parse ] --END-- [ RunTime:0.114004s ]
INFO: [ view_filter ] --START--
INFO: ContentReplace Behavior ::run [ RunTime:0.012072s ]
INFO: TokenBuild Behavior ::run [ RunTime:0.012391s ]
INFO: WriteHtmlCache Behavior ::run [ RunTime:0.011559s ]
INFO: ShowRuntime Behavior ::run [ RunTime:0.016321s ]
INFO: [ view_filter ] --END-- [ RunTime:0.053196s ]
INFO: [ view_end ] --START--
INFO: ShowPageTrace Behavior ::run [ RunTime:0.012089s ]
INFO: [ view_end ] --END-- [ RunTime:0.012271s ]

[ 2019-02-28T10:37:40+08:00 ] 127.0.0.1 /A-LOTTERY/lot888WX/am.php/login/verify
INFO: [ route_check ] --START--
INFO: CheckRoute Behavior ::run [ RunTime:0.029894s ]
INFO: [ route_check ] --END-- [ RunTime:0.030360s ]
INFO: [ app_begin ] --START--
INFO: ReadHtmlCache Behavior ::run [ RunTime:0.023920s ]
INFO: CheckLang Behavior ::run [ RunTime:0.033258s ]
INFO: [ app_begin ] --END-- [ RunTime:0.057593s ]

[ 2019-02-28T10:37:45+08:00 ] 127.0.0.1 /A-LOTTERY/lot888WX/am.php/login/check.html
INFO: [ route_check ] --START--
INFO: CheckRoute Behavior ::run [ RunTime:0.024565s ]
INFO: [ route_check ] --END-- [ RunTime:0.024955s ]
INFO: [ app_begin ] --START--
INFO: ReadHtmlCache Behavior ::run [ RunTime:0.016666s ]
INFO: CheckLang Behavior ::run [ RunTime:0.022561s ]
INFO: [ app_begin ] --END-- [ RunTime:0.039906s ]
SQL: SHOW COLUMNS FROM `xz_admin` [ RunTime:0.118978s ]
SQL: SELECT * FROM `xz_admin` WHERE ( admin_name="admin" ) LIMIT 1   [ RunTime:0.031272s ]
SQL: UPDATE `xz_admin` SET `lastLoginTime`='2019-02-28 10:37:45',`ip`='127.0.0.1' WHERE ( id=4 ) [ RunTime:0.003502s ]
NOTIC: [8] A session had already been started - ignoring session_start() F:\AppServ\www\A-LOTTERY\lot888WX\AM\Lib\Action\LoginAction.class.php 第 33 行.

[ 2019-02-28T10:37:46+08:00 ] 127.0.0.1 /A-LOTTERY/lot888WX/am.php
INFO: [ app_begin ] --START--
INFO: ReadHtmlCache Behavior ::run [ RunTime:0.034569s ]
INFO: CheckLang Behavior ::run [ RunTime:0.047461s ]
INFO: [ app_begin ] --END-- [ RunTime:0.083109s ]
INFO: [ view_parse ] --START--
INFO: ParseTemplate Behavior ::run [ RunTime:0.272379s ]
INFO: [ view_parse ] --END-- [ RunTime:0.274689s ]
INFO: [ view_filter ] --START--
INFO: ContentReplace Behavior ::run [ RunTime:0.030685s ]
INFO: TokenBuild Behavior ::run [ RunTime:0.023877s ]
INFO: WriteHtmlCache Behavior ::run [ RunTime:0.041366s ]
INFO: ShowRuntime Behavior ::run [ RunTime:0.034413s ]
INFO: [ view_filter ] --END-- [ RunTime:0.132843s ]
INFO: [ view_end ] --START--
INFO: ShowPageTrace Behavior ::run [ RunTime:0.044966s ]
INFO: [ view_end ] --END-- [ RunTime:0.045577s ]

[ 2019-02-28T10:37:47+08:00 ] 127.0.0.1 /A-LOTTERY/lot888WX/am.php/content/index.html
INFO: [ route_check ] --START--
INFO: CheckRoute Behavior ::run [ RunTime:0.018387s ]
INFO: [ route_check ] --END-- [ RunTime:0.018817s ]
INFO: [ app_begin ] --START--
INFO: ReadHtmlCache Behavior ::run [ RunTime:0.015061s ]
INFO: CheckLang Behavior ::run [ RunTime:0.028914s ]
INFO: [ app_begin ] --END-- [ RunTime:0.044673s ]
SQL: SHOW COLUMNS FROM `xz_lottery` [ RunTime:0.102508s ]
NOTIC: [8] Undefined index:  username F:\AppServ\www\A-LOTTERY\lot888WX\AM\Lib\Action\ContentAction.class.php 第 5 行.
NOTIC: [8] Undefined index:  username F:\AppServ\www\A-LOTTERY\lot888WX\AM\Lib\Action\ContentAction.class.php 第 5 行.
SQL: SELECT COUNT(*) AS tp_count FROM `xz_lottery` WHERE ( 1=1 ) LIMIT 1   [ RunTime:0.003170s ]
SQL: SELECT xz_lottery.*,a.city,a.province,a.icon_path FROM `xz_lottery` left join xz_user a on a.id=xz_lottery.nUserId WHERE ( 1=1 ) ORDER BY xz_lottery.id desc LIMIT 0,50   [ RunTime:0.008204s ]
INFO: [ view_parse ] --START--
INFO: ParseTemplate Behavior ::run [ RunTime:0.132029s ]
INFO: [ view_parse ] --END-- [ RunTime:0.132361s ]
INFO: [ view_filter ] --START--
INFO: ContentReplace Behavior ::run [ RunTime:0.017404s ]
INFO: TokenBuild Behavior ::run [ RunTime:0.017484s ]
INFO: WriteHtmlCache Behavior ::run [ RunTime:0.015514s ]
INFO: ShowRuntime Behavior ::run [ RunTime:0.014127s ]
INFO: [ view_filter ] --END-- [ RunTime:0.065473s ]
INFO: [ view_end ] --START--
INFO: ShowPageTrace Behavior ::run [ RunTime:0.030485s ]
INFO: [ view_end ] --END-- [ RunTime:0.031861s ]

[ 2019-02-28T23:19:24+08:00 ] 127.0.0.1 /A-LOTTERY/lot888WX/am.php
INFO: [ app_begin ] --START--
INFO: ReadHtmlCache Behavior ::run [ RunTime:0.025686s ]
INFO: CheckLang Behavior ::run [ RunTime:0.080801s ]
INFO: [ app_begin ] --END-- [ RunTime:0.107697s ]
NOTIC: [8] Undefined index:  admin_name F:\AppServ\www\A-LOTTERY\lot888WX\AM\Lib\Action\IndexAction.class.php 第 4 行.

[ 2019-02-28T23:19:25+08:00 ] 127.0.0.1 /A-LOTTERY/lot888WX/am.php/login/index.html
INFO: [ route_check ] --START--
INFO: CheckRoute Behavior ::run [ RunTime:0.050605s ]
INFO: [ route_check ] --END-- [ RunTime:0.051046s ]
INFO: [ app_begin ] --START--
INFO: ReadHtmlCache Behavior ::run [ RunTime:0.028312s ]
INFO: CheckLang Behavior ::run [ RunTime:0.043906s ]
INFO: [ app_begin ] --END-- [ RunTime:0.073022s ]
INFO: [ view_parse ] --START--
INFO: ParseTemplate Behavior ::run [ RunTime:0.425791s ]
INFO: [ view_parse ] --END-- [ RunTime:0.426225s ]
INFO: [ view_filter ] --START--
INFO: ContentReplace Behavior ::run [ RunTime:0.059184s ]
INFO: TokenBuild Behavior ::run [ RunTime:0.018002s ]
INFO: WriteHtmlCache Behavior ::run [ RunTime:0.029635s ]
INFO: ShowRuntime Behavior ::run [ RunTime:0.046947s ]
INFO: [ view_filter ] --END-- [ RunTime:0.154713s ]
INFO: [ view_end ] --START--
INFO: ShowPageTrace Behavior ::run [ RunTime:0.020081s ]
INFO: [ view_end ] --END-- [ RunTime:0.020473s ]

[ 2019-02-28T23:20:36+08:00 ] 127.0.0.1 /A-LOTTERY/lot888WX/am.php/login/index.html
INFO: [ route_check ] --START--
INFO: CheckRoute Behavior ::run [ RunTime:0.004578s ]
INFO: [ route_check ] --END-- [ RunTime:0.004741s ]
INFO: [ app_begin ] --START--
INFO: ReadHtmlCache Behavior ::run [ RunTime:0.005290s ]
INFO: CheckLang Behavior ::run [ RunTime:0.011944s ]
INFO: [ app_begin ] --END-- [ RunTime:0.017507s ]
INFO: [ view_parse ] --START--
INFO: ParseTemplate Behavior ::run [ RunTime:0.168613s ]
INFO: [ view_parse ] --END-- [ RunTime:0.169107s ]
INFO: [ view_filter ] --START--
INFO: ContentReplace Behavior ::run [ RunTime:0.018183s ]
INFO: TokenBuild Behavior ::run [ RunTime:0.025009s ]
INFO: WriteHtmlCache Behavior ::run [ RunTime:0.025660s ]
INFO: ShowRuntime Behavior ::run [ RunTime:0.023355s ]
INFO: [ view_filter ] --END-- [ RunTime:0.094526s ]
INFO: [ view_end ] --START--
INFO: ShowPageTrace Behavior ::run [ RunTime:0.023389s ]
INFO: [ view_end ] --END-- [ RunTime:0.023832s ]

[ 2019-02-28T23:20:38+08:00 ] 127.0.0.1 /A-LOTTERY/lot888WX/am.php/login/verify
INFO: [ route_check ] --START--
INFO: CheckRoute Behavior ::run [ RunTime:0.020046s ]
INFO: [ route_check ] --END-- [ RunTime:0.020803s ]
INFO: [ app_begin ] --START--
INFO: ReadHtmlCache Behavior ::run [ RunTime:0.028805s ]
INFO: CheckLang Behavior ::run [ RunTime:0.059478s ]
INFO: [ app_begin ] --END-- [ RunTime:0.089036s ]

[ 2019-02-28T23:20:45+08:00 ] 127.0.0.1 /A-LOTTERY/lot888WX/am.php/login/check.html
INFO: [ route_check ] --START--
INFO: CheckRoute Behavior ::run [ RunTime:0.013126s ]
INFO: [ route_check ] --END-- [ RunTime:0.014048s ]
INFO: [ app_begin ] --START--
INFO: ReadHtmlCache Behavior ::run [ RunTime:0.043682s ]
INFO: CheckLang Behavior ::run [ RunTime:0.034881s ]
INFO: [ app_begin ] --END-- [ RunTime:0.079713s ]
SQL: SHOW COLUMNS FROM `xz_admin` [ RunTime:0.314051s ]
SQL: SELECT * FROM `xz_admin` WHERE ( admin_name="admin" ) LIMIT 1   [ RunTime:0.027107s ]
SQL: UPDATE `xz_admin` SET `lastLoginTime`='2019-02-28 23:20:45',`ip`='127.0.0.1' WHERE ( id=4 ) [ RunTime:0.004405s ]
NOTIC: [8] A session had already been started - ignoring session_start() F:\AppServ\www\A-LOTTERY\lot888WX\AM\Lib\Action\LoginAction.class.php 第 33 行.

[ 2019-02-28T23:20:46+08:00 ] 127.0.0.1 /A-LOTTERY/lot888WX/am.php
INFO: [ app_begin ] --START--
INFO: ReadHtmlCache Behavior ::run [ RunTime:0.031863s ]
INFO: CheckLang Behavior ::run [ RunTime:0.068990s ]
INFO: [ app_begin ] --END-- [ RunTime:0.102307s ]
INFO: [ view_parse ] --START--
INFO: ParseTemplate Behavior ::run [ RunTime:0.218256s ]
INFO: [ view_parse ] --END-- [ RunTime:0.218832s ]
INFO: [ view_filter ] --START--
INFO: ContentReplace Behavior ::run [ RunTime:0.025300s ]
INFO: TokenBuild Behavior ::run [ RunTime:0.022947s ]
INFO: WriteHtmlCache Behavior ::run [ RunTime:0.026102s ]
INFO: ShowRuntime Behavior ::run [ RunTime:0.035705s ]
INFO: [ view_filter ] --END-- [ RunTime:0.111494s ]
INFO: [ view_end ] --START--
INFO: ShowPageTrace Behavior ::run [ RunTime:0.023881s ]
INFO: [ view_end ] --END-- [ RunTime:0.024171s ]

[ 2019-02-28T23:20:48+08:00 ] 127.0.0.1 /A-LOTTERY/lot888WX/am.php/content/index.html
INFO: [ route_check ] --START--
INFO: CheckRoute Behavior ::run [ RunTime:0.004625s ]
INFO: [ route_check ] --END-- [ RunTime:0.005020s ]
INFO: [ app_begin ] --START--
INFO: ReadHtmlCache Behavior ::run [ RunTime:0.011276s ]
INFO: CheckLang Behavior ::run [ RunTime:0.021033s ]
INFO: [ app_begin ] --END-- [ RunTime:0.032673s ]
SQL: SHOW COLUMNS FROM `xz_lottery` [ RunTime:0.272496s ]
NOTIC: [8] Undefined index:  username F:\AppServ\www\A-LOTTERY\lot888WX\AM\Lib\Action\ContentAction.class.php 第 5 行.
NOTIC: [8] Undefined index:  username F:\AppServ\www\A-LOTTERY\lot888WX\AM\Lib\Action\ContentAction.class.php 第 5 行.
SQL: SELECT COUNT(*) AS tp_count FROM `xz_lottery` WHERE ( 1=1 ) LIMIT 1   [ RunTime:0.002040s ]
SQL: SELECT xz_lottery.*,a.city,a.province,a.icon_path FROM `xz_lottery` left join xz_user a on a.id=xz_lottery.nUserId WHERE ( 1=1 ) ORDER BY xz_lottery.id desc LIMIT 0,50   [ RunTime:0.226473s ]
INFO: [ view_parse ] --START--
INFO: ParseTemplate Behavior ::run [ RunTime:0.170464s ]
INFO: [ view_parse ] --END-- [ RunTime:0.171112s ]
INFO: [ view_filter ] --START--
INFO: ContentReplace Behavior ::run [ RunTime:0.024490s ]
INFO: TokenBuild Behavior ::run [ RunTime:0.040140s ]
INFO: WriteHtmlCache Behavior ::run [ RunTime:0.025715s ]
INFO: ShowRuntime Behavior ::run [ RunTime:0.029256s ]
INFO: [ view_filter ] --END-- [ RunTime:0.120888s ]
INFO: [ view_end ] --START--
INFO: ShowPageTrace Behavior ::run [ RunTime:0.036712s ]
INFO: [ view_end ] --END-- [ RunTime:0.038275s ]

[ 2019-02-28T23:20:56+08:00 ] 127.0.0.1 /A-LOTTERY/lot888WX/am.php/config/index.html
INFO: [ route_check ] --START--
INFO: CheckRoute Behavior ::run [ RunTime:0.006484s ]
INFO: [ route_check ] --END-- [ RunTime:0.007558s ]
INFO: [ app_begin ] --START--
INFO: ReadHtmlCache Behavior ::run [ RunTime:0.020647s ]
INFO: CheckLang Behavior ::run [ RunTime:0.032022s ]
INFO: [ app_begin ] --END-- [ RunTime:0.053384s ]
NOTIC: [8] A session had already been started - ignoring session_start() F:\AppServ\www\A-LOTTERY\lot888WX\AM\Lib\Action\Public.php 第 3 行.
SQL: SHOW COLUMNS FROM `xz_webconfig` [ RunTime:0.302193s ]
SQL: SELECT * FROM `xz_webconfig` LIMIT 1   [ RunTime:0.020280s ]
INFO: [ view_parse ] --START--
NOTIC: [8] Undefined index:  nLotType F:\AppServ\www\A-LOTTERY\lot888WX\AM\Runtime\Cache\a9d49005a72e9adca58cca6cd39ec63a.php 第 57 行.
NOTIC: [8] Undefined index:  nLotType F:\AppServ\www\A-LOTTERY\lot888WX\AM\Runtime\Cache\a9d49005a72e9adca58cca6cd39ec63a.php 第 58 行.
INFO: ParseTemplate Behavior ::run [ RunTime:0.147917s ]
INFO: [ view_parse ] --END-- [ RunTime:0.148220s ]
INFO: [ view_filter ] --START--
INFO: ContentReplace Behavior ::run [ RunTime:0.013996s ]
INFO: TokenBuild Behavior ::run [ RunTime:0.019955s ]
INFO: WriteHtmlCache Behavior ::run [ RunTime:0.021259s ]
INFO: ShowRuntime Behavior ::run [ RunTime:0.019763s ]
INFO: [ view_filter ] --END-- [ RunTime:0.076173s ]
NOTIC: [2] Cannot modify header information - headers already sent by (output started at F:\AppServ\www\A-LOTTERY\lot888WX\AM\Lib\Action\Public.php:64) F:\AppServ\www\A-LOTTERY\lot888WX\ThinkPHP\Lib\Core\View.class.php 第 95 行.
NOTIC: [2] Cannot modify header information - headers already sent by (output started at F:\AppServ\www\A-LOTTERY\lot888WX\AM\Lib\Action\Public.php:64) F:\AppServ\www\A-LOTTERY\lot888WX\ThinkPHP\Lib\Core\View.class.php 第 96 行.
NOTIC: [2] Cannot modify header information - headers already sent by (output started at F:\AppServ\www\A-LOTTERY\lot888WX\AM\Lib\Action\Public.php:64) F:\AppServ\www\A-LOTTERY\lot888WX\ThinkPHP\Lib\Core\View.class.php 第 97 行.
INFO: [ view_end ] --START--
INFO: ShowPageTrace Behavior ::run [ RunTime:0.017459s ]
INFO: [ view_end ] --END-- [ RunTime:0.017711s ]

[ 2019-02-28T23:22:31+08:00 ] 127.0.0.1 /A-LOTTERY/lot888WX/am.php/config/index.html
INFO: [ route_check ] --START--
INFO: CheckRoute Behavior ::run [ RunTime:0.050135s ]
INFO: [ route_check ] --END-- [ RunTime:0.050614s ]
INFO: [ app_begin ] --START--
INFO: ReadHtmlCache Behavior ::run [ RunTime:0.040861s ]
INFO: CheckLang Behavior ::run [ RunTime:0.038075s ]
INFO: [ app_begin ] --END-- [ RunTime:0.079942s ]
NOTIC: [8] A session had already been started - ignoring session_start() F:\AppServ\www\A-LOTTERY\lot888WX\AM\Lib\Action\Public.php 第 3 行.
SQL: SHOW COLUMNS FROM `xz_webconfig` [ RunTime:0.042476s ]
SQL: SELECT * FROM `xz_webconfig` LIMIT 1   [ RunTime:0.012166s ]
INFO: [ view_parse ] --START--
NOTIC: [8] Undefined index:  nLotType F:\AppServ\www\A-LOTTERY\lot888WX\AM\Runtime\Cache\a9d49005a72e9adca58cca6cd39ec63a.php 第 57 行.
NOTIC: [8] Undefined index:  nLotType F:\AppServ\www\A-LOTTERY\lot888WX\AM\Runtime\Cache\a9d49005a72e9adca58cca6cd39ec63a.php 第 58 行.
INFO: ParseTemplate Behavior ::run [ RunTime:0.055821s ]
INFO: [ view_parse ] --END-- [ RunTime:0.056002s ]
INFO: [ view_filter ] --START--
INFO: ContentReplace Behavior ::run [ RunTime:0.005577s ]
INFO: TokenBuild Behavior ::run [ RunTime:0.006376s ]
INFO: WriteHtmlCache Behavior ::run [ RunTime:0.006865s ]
INFO: ShowRuntime Behavior ::run [ RunTime:0.007490s ]
INFO: [ view_filter ] --END-- [ RunTime:0.026736s ]
NOTIC: [2] Cannot modify header information - headers already sent by (output started at F:\AppServ\www\A-LOTTERY\lot888WX\AM\Lib\Action\Public.php:64) F:\AppServ\www\A-LOTTERY\lot888WX\ThinkPHP\Lib\Core\View.class.php 第 95 行.
NOTIC: [2] Cannot modify header information - headers already sent by (output started at F:\AppServ\www\A-LOTTERY\lot888WX\AM\Lib\Action\Public.php:64) F:\AppServ\www\A-LOTTERY\lot888WX\ThinkPHP\Lib\Core\View.class.php 第 96 行.
NOTIC: [2] Cannot modify header information - headers already sent by (output started at F:\AppServ\www\A-LOTTERY\lot888WX\AM\Lib\Action\Public.php:64) F:\AppServ\www\A-LOTTERY\lot888WX\ThinkPHP\Lib\Core\View.class.php 第 97 行.
INFO: [ view_end ] --START--
INFO: ShowPageTrace Behavior ::run [ RunTime:0.007864s ]
INFO: [ view_end ] --END-- [ RunTime:0.008034s ]

[ 2019-02-28T23:23:19+08:00 ] 127.0.0.1 /A-LOTTERY/lot888WX/am.php/login/verify
INFO: [ route_check ] --START--
INFO: CheckRoute Behavior ::run [ RunTime:0.041261s ]
INFO: [ route_check ] --END-- [ RunTime:0.042017s ]
INFO: [ app_begin ] --START--
INFO: ReadHtmlCache Behavior ::run [ RunTime:0.031557s ]
INFO: CheckLang Behavior ::run [ RunTime:0.051853s ]
INFO: [ app_begin ] --END-- [ RunTime:0.084209s ]

[ 2019-02-28T23:23:19+08:00 ] 127.0.0.1 /A-LOTTERY/lot888WX/am.php/login/index.html
INFO: [ route_check ] --START--
INFO: CheckRoute Behavior ::run [ RunTime:0.041623s ]
INFO: [ route_check ] --END-- [ RunTime:0.042064s ]
INFO: [ app_begin ] --START--
INFO: ReadHtmlCache Behavior ::run [ RunTime:0.036850s ]
INFO: CheckLang Behavior ::run [ RunTime:0.060242s ]
INFO: [ app_begin ] --END-- [ RunTime:0.098292s ]
INFO: [ view_parse ] --START--
INFO: ParseTemplate Behavior ::run [ RunTime:0.179667s ]
INFO: [ view_parse ] --END-- [ RunTime:0.180150s ]
INFO: [ view_filter ] --START--
INFO: ContentReplace Behavior ::run [ RunTime:0.023348s ]
INFO: TokenBuild Behavior ::run [ RunTime:0.027874s ]
INFO: WriteHtmlCache Behavior ::run [ RunTime:0.027742s ]
INFO: ShowRuntime Behavior ::run [ RunTime:0.039410s ]
INFO: [ view_filter ] --END-- [ RunTime:0.119692s ]
INFO: [ view_end ] --START--
INFO: ShowPageTrace Behavior ::run [ RunTime:0.029701s ]
INFO: [ view_end ] --END-- [ RunTime:0.030494s ]

[ 2019-02-28T23:23:19+08:00 ] 127.0.0.1 /A-LOTTERY/lot888WX/am.php/login/index.html
INFO: [ route_check ] --START--
INFO: CheckRoute Behavior ::run [ RunTime:0.013564s ]
INFO: [ route_check ] --END-- [ RunTime:0.014483s ]
INFO: [ app_begin ] --START--
INFO: ReadHtmlCache Behavior ::run [ RunTime:0.030745s ]
INFO: CheckLang Behavior ::run [ RunTime:0.032862s ]
INFO: [ app_begin ] --END-- [ RunTime:0.064398s ]
INFO: [ view_parse ] --START--
INFO: ParseTemplate Behavior ::run [ RunTime:0.276614s ]
INFO: [ view_parse ] --END-- [ RunTime:0.290048s ]
INFO: [ view_filter ] --START--
INFO: ContentReplace Behavior ::run [ RunTime:0.026697s ]
INFO: TokenBuild Behavior ::run [ RunTime:0.022274s ]
INFO: WriteHtmlCache Behavior ::run [ RunTime:0.016197s ]
INFO: ShowRuntime Behavior ::run [ RunTime:0.014541s ]
INFO: [ view_filter ] --END-- [ RunTime:0.080893s ]
INFO: [ view_end ] --START--
INFO: ShowPageTrace Behavior ::run [ RunTime:0.014140s ]
INFO: [ view_end ] --END-- [ RunTime:0.014434s ]

[ 2019-02-28T23:29:05+08:00 ] 127.0.0.1 /A-LOTTERY/lot888WX/am.php/config/save.html
INFO: [ route_check ] --START--
INFO: CheckRoute Behavior ::run [ RunTime:0.009095s ]
INFO: [ route_check ] --END-- [ RunTime:0.009410s ]
INFO: [ app_begin ] --START--
INFO: ReadHtmlCache Behavior ::run [ RunTime:0.013639s ]
INFO: CheckLang Behavior ::run [ RunTime:0.028246s ]
INFO: [ app_begin ] --END-- [ RunTime:0.042475s ]
NOTIC: [8] A session had already been started - ignoring session_start() F:\AppServ\www\A-LOTTERY\lot888WX\AM\Lib\Action\Public.php 第 3 行.
NOTIC: [2] Cannot modify header information - headers already sent by (output started at F:\AppServ\www\A-LOTTERY\lot888WX\AM\Lib\Action\Public.php:64) F:\AppServ\www\A-LOTTERY\lot888WX\AM\Lib\Action\ConfigAction.class.php 第 12 行.
SQL: SHOW COLUMNS FROM `xz_webconfig` [ RunTime:0.078619s ]
SQL: UPDATE `xz_webconfig` SET `web_name`='幸运大抽奖',`initNum`=0,`startTime`='2019-31-01 00:00:01',`endTime`='2019-01-09 23:59:59',`dj_pswd`='123456',`txt2`='这里填写活动规则',`bg_url`='Uploadfiles/26e2614a7ce03cad456e2df384b96e6c.jpg',`nLotTimes`=1,`sharetime`=0,`sharenum`=0,`nNeedGZ`=0,`ewm_pic`='',`nMusicTag`=0,`music_url`='',`logo_path`='',`txt1`='感谢参与，请留意大屏幕的中奖信息' WHERE ( `id` = 1 ) [ RunTime:0.059130s ]
INFO: [ view_parse ] --START--
INFO: ParseTemplate Behavior ::run [ RunTime:0.154060s ]
INFO: [ view_parse ] --END-- [ RunTime:0.154468s ]
INFO: [ view_filter ] --START--
INFO: ContentReplace Behavior ::run [ RunTime:0.018884s ]
INFO: TokenBuild Behavior ::run [ RunTime:0.022274s ]
INFO: WriteHtmlCache Behavior ::run [ RunTime:0.023544s ]
INFO: ShowRuntime Behavior ::run [ RunTime:0.019909s ]
INFO: [ view_filter ] --END-- [ RunTime:0.085745s ]
NOTIC: [2] Cannot modify header information - headers already sent by (output started at F:\AppServ\www\A-LOTTERY\lot888WX\AM\Lib\Action\Public.php:64) F:\AppServ\www\A-LOTTERY\lot888WX\ThinkPHP\Lib\Core\View.class.php 第 95 行.
NOTIC: [2] Cannot modify header information - headers already sent by (output started at F:\AppServ\www\A-LOTTERY\lot888WX\AM\Lib\Action\Public.php:64) F:\AppServ\www\A-LOTTERY\lot888WX\ThinkPHP\Lib\Core\View.class.php 第 96 行.
NOTIC: [2] Cannot modify header information - headers already sent by (output started at F:\AppServ\www\A-LOTTERY\lot888WX\AM\Lib\Action\Public.php:64) F:\AppServ\www\A-LOTTERY\lot888WX\ThinkPHP\Lib\Core\View.class.php 第 97 行.
INFO: [ view_end ] --START--
INFO: ShowPageTrace Behavior ::run [ RunTime:0.019004s ]
INFO: [ view_end ] --END-- [ RunTime:0.019604s ]

[ 2019-02-28T23:29:07+08:00 ] 127.0.0.1 /A-LOTTERY/lot888WX/am.php/config/index.html
INFO: [ route_check ] --START--
INFO: CheckRoute Behavior ::run [ RunTime:0.006552s ]
INFO: [ route_check ] --END-- [ RunTime:0.006867s ]
INFO: [ app_begin ] --START--
INFO: ReadHtmlCache Behavior ::run [ RunTime:0.014352s ]
INFO: CheckLang Behavior ::run [ RunTime:0.028506s ]
INFO: [ app_begin ] --END-- [ RunTime:0.043442s ]
NOTIC: [8] A session had already been started - ignoring session_start() F:\AppServ\www\A-LOTTERY\lot888WX\AM\Lib\Action\Public.php 第 3 行.
SQL: SHOW COLUMNS FROM `xz_webconfig` [ RunTime:0.073957s ]
SQL: SELECT * FROM `xz_webconfig` LIMIT 1   [ RunTime:0.022588s ]
INFO: [ view_parse ] --START--
NOTIC: [8] Undefined index:  nLotType F:\AppServ\www\A-LOTTERY\lot888WX\AM\Runtime\Cache\a9d49005a72e9adca58cca6cd39ec63a.php 第 57 行.
NOTIC: [8] Undefined index:  nLotType F:\AppServ\www\A-LOTTERY\lot888WX\AM\Runtime\Cache\a9d49005a72e9adca58cca6cd39ec63a.php 第 58 行.
INFO: ParseTemplate Behavior ::run [ RunTime:0.136695s ]
INFO: [ view_parse ] --END-- [ RunTime:0.136968s ]
INFO: [ view_filter ] --START--
INFO: ContentReplace Behavior ::run [ RunTime:0.015553s ]
INFO: TokenBuild Behavior ::run [ RunTime:0.014736s ]
INFO: WriteHtmlCache Behavior ::run [ RunTime:0.017315s ]
INFO: ShowRuntime Behavior ::run [ RunTime:0.021961s ]
INFO: [ view_filter ] --END-- [ RunTime:0.070667s ]
NOTIC: [2] Cannot modify header information - headers already sent by (output started at F:\AppServ\www\A-LOTTERY\lot888WX\AM\Lib\Action\Public.php:64) F:\AppServ\www\A-LOTTERY\lot888WX\ThinkPHP\Lib\Core\View.class.php 第 95 行.
NOTIC: [2] Cannot modify header information - headers already sent by (output started at F:\AppServ\www\A-LOTTERY\lot888WX\AM\Lib\Action\Public.php:64) F:\AppServ\www\A-LOTTERY\lot888WX\ThinkPHP\Lib\Core\View.class.php 第 96 行.
NOTIC: [2] Cannot modify header information - headers already sent by (output started at F:\AppServ\www\A-LOTTERY\lot888WX\AM\Lib\Action\Public.php:64) F:\AppServ\www\A-LOTTERY\lot888WX\ThinkPHP\Lib\Core\View.class.php 第 97 行.
INFO: [ view_end ] --START--
INFO: ShowPageTrace Behavior ::run [ RunTime:0.016432s ]
INFO: [ view_end ] --END-- [ RunTime:0.016982s ]

[ 2019-02-28T23:29:21+08:00 ] 127.0.0.1 /A-LOTTERY/lot888WX/am.php/config/save.html
INFO: [ route_check ] --START--
INFO: CheckRoute Behavior ::run [ RunTime:0.027276s ]
INFO: [ route_check ] --END-- [ RunTime:0.027666s ]
INFO: [ app_begin ] --START--
INFO: ReadHtmlCache Behavior ::run [ RunTime:0.026279s ]
INFO: CheckLang Behavior ::run [ RunTime:0.022813s ]
INFO: [ app_begin ] --END-- [ RunTime:0.049833s ]
NOTIC: [8] A session had already been started - ignoring session_start() F:\AppServ\www\A-LOTTERY\lot888WX\AM\Lib\Action\Public.php 第 3 行.
NOTIC: [2] Cannot modify header information - headers already sent by (output started at F:\AppServ\www\A-LOTTERY\lot888WX\AM\Lib\Action\Public.php:64) F:\AppServ\www\A-LOTTERY\lot888WX\AM\Lib\Action\ConfigAction.class.php 第 12 行.
SQL: SHOW COLUMNS FROM `xz_webconfig` [ RunTime:0.124921s ]
SQL: UPDATE `xz_webconfig` SET `web_name`='幸运大抽奖',`initNum`=0,`startTime`='2019-03-1 23:59:59',`endTime`='2019-01-09 23:59:59',`dj_pswd`='123456',`txt2`='这里填写活动规则',`bg_url`='Uploadfiles/26e2614a7ce03cad456e2df384b96e6c.jpg',`nLotTimes`=1,`sharetime`=0,`sharenum`=0,`nNeedGZ`=0,`ewm_pic`='',`nMusicTag`=0,`music_url`='',`logo_path`='',`txt1`='感谢参与，请留意大屏幕的中奖信息' WHERE ( `id` = 1 ) [ RunTime:0.017946s ]
INFO: [ view_parse ] --START--
INFO: ParseTemplate Behavior ::run [ RunTime:0.138742s ]
INFO: [ view_parse ] --END-- [ RunTime:0.139076s ]
INFO: [ view_filter ] --START--
INFO: ContentReplace Behavior ::run [ RunTime:0.027636s ]
INFO: TokenBuild Behavior ::run [ RunTime:0.038867s ]
INFO: WriteHtmlCache Behavior ::run [ RunTime:0.031732s ]
INFO: ShowRuntime Behavior ::run [ RunTime:0.018347s ]
INFO: [ view_filter ] --END-- [ RunTime:0.117851s ]
NOTIC: [2] Cannot modify header information - headers already sent by (output started at F:\AppServ\www\A-LOTTERY\lot888WX\AM\Lib\Action\Public.php:64) F:\AppServ\www\A-LOTTERY\lot888WX\ThinkPHP\Lib\Core\View.class.php 第 95 行.
NOTIC: [2] Cannot modify header information - headers already sent by (output started at F:\AppServ\www\A-LOTTERY\lot888WX\AM\Lib\Action\Public.php:64) F:\AppServ\www\A-LOTTERY\lot888WX\ThinkPHP\Lib\Core\View.class.php 第 96 行.
NOTIC: [2] Cannot modify header information - headers already sent by (output started at F:\AppServ\www\A-LOTTERY\lot888WX\AM\Lib\Action\Public.php:64) F:\AppServ\www\A-LOTTERY\lot888WX\ThinkPHP\Lib\Core\View.class.php 第 97 行.
INFO: [ view_end ] --START--
INFO: ShowPageTrace Behavior ::run [ RunTime:0.025130s ]
INFO: [ view_end ] --END-- [ RunTime:0.025504s ]

[ 2019-02-28T23:29:23+08:00 ] 127.0.0.1 /A-LOTTERY/lot888WX/am.php/config/index.html
INFO: [ route_check ] --START--
INFO: CheckRoute Behavior ::run [ RunTime:0.018593s ]
INFO: [ route_check ] --END-- [ RunTime:0.019254s ]
INFO: [ app_begin ] --START--
INFO: ReadHtmlCache Behavior ::run [ RunTime:0.017250s ]
INFO: CheckLang Behavior ::run [ RunTime:0.032676s ]
INFO: [ app_begin ] --END-- [ RunTime:0.050478s ]
NOTIC: [8] A session had already been started - ignoring session_start() F:\AppServ\www\A-LOTTERY\lot888WX\AM\Lib\Action\Public.php 第 3 行.
SQL: SHOW COLUMNS FROM `xz_webconfig` [ RunTime:0.092462s ]
SQL: SELECT * FROM `xz_webconfig` LIMIT 1   [ RunTime:0.026270s ]
INFO: [ view_parse ] --START--
NOTIC: [8] Undefined index:  nLotType F:\AppServ\www\A-LOTTERY\lot888WX\AM\Runtime\Cache\a9d49005a72e9adca58cca6cd39ec63a.php 第 57 行.
NOTIC: [8] Undefined index:  nLotType F:\AppServ\www\A-LOTTERY\lot888WX\AM\Runtime\Cache\a9d49005a72e9adca58cca6cd39ec63a.php 第 58 行.
INFO: ParseTemplate Behavior ::run [ RunTime:0.257077s ]
INFO: [ view_parse ] --END-- [ RunTime:0.257695s ]
INFO: [ view_filter ] --START--
INFO: ContentReplace Behavior ::run [ RunTime:0.022125s ]
INFO: TokenBuild Behavior ::run [ RunTime:0.016961s ]
INFO: WriteHtmlCache Behavior ::run [ RunTime:0.018988s ]
INFO: ShowRuntime Behavior ::run [ RunTime:0.019494s ]
INFO: [ view_filter ] --END-- [ RunTime:0.078690s ]
NOTIC: [2] Cannot modify header information - headers already sent by (output started at F:\AppServ\www\A-LOTTERY\lot888WX\AM\Lib\Action\Public.php:64) F:\AppServ\www\A-LOTTERY\lot888WX\ThinkPHP\Lib\Core\View.class.php 第 95 行.
NOTIC: [2] Cannot modify header information - headers already sent by (output started at F:\AppServ\www\A-LOTTERY\lot888WX\AM\Lib\Action\Public.php:64) F:\AppServ\www\A-LOTTERY\lot888WX\ThinkPHP\Lib\Core\View.class.php 第 96 行.
NOTIC: [2] Cannot modify header information - headers already sent by (output started at F:\AppServ\www\A-LOTTERY\lot888WX\AM\Lib\Action\Public.php:64) F:\AppServ\www\A-LOTTERY\lot888WX\ThinkPHP\Lib\Core\View.class.php 第 97 行.
INFO: [ view_end ] --START--
INFO: ShowPageTrace Behavior ::run [ RunTime:0.018360s ]
INFO: [ view_end ] --END-- [ RunTime:0.018726s ]

[ 2019-02-28T23:37:56+08:00 ] 127.0.0.1 /A-LOTTERY/lot888WX/am.php
INFO: [ app_begin ] --START--
INFO: ReadHtmlCache Behavior ::run [ RunTime:0.006606s ]
INFO: CheckLang Behavior ::run [ RunTime:0.010961s ]
INFO: [ app_begin ] --END-- [ RunTime:0.017951s ]
NOTIC: [8] Undefined index:  admin_name F:\AppServ\www\A-LOTTERY\lot888WX\AM\Lib\Action\IndexAction.class.php 第 4 行.

[ 2019-02-28T23:37:56+08:00 ] 127.0.0.1 /A-LOTTERY/lot888WX/am.php/login/index.html
INFO: [ route_check ] --START--
INFO: CheckRoute Behavior ::run [ RunTime:0.007224s ]
INFO: [ route_check ] --END-- [ RunTime:0.007389s ]
INFO: [ app_begin ] --START--
INFO: ReadHtmlCache Behavior ::run [ RunTime:0.004697s ]
INFO: CheckLang Behavior ::run [ RunTime:0.009413s ]
INFO: [ app_begin ] --END-- [ RunTime:0.014286s ]
INFO: [ view_parse ] --START--
INFO: ParseTemplate Behavior ::run [ RunTime:0.034256s ]
INFO: [ view_parse ] --END-- [ RunTime:0.034377s ]
INFO: [ view_filter ] --START--
INFO: ContentReplace Behavior ::run [ RunTime:0.005578s ]
INFO: TokenBuild Behavior ::run [ RunTime:0.005036s ]
INFO: WriteHtmlCache Behavior ::run [ RunTime:0.004871s ]
INFO: ShowRuntime Behavior ::run [ RunTime:0.005498s ]
INFO: [ view_filter ] --END-- [ RunTime:0.021339s ]
INFO: [ view_end ] --START--
INFO: ShowPageTrace Behavior ::run [ RunTime:0.004942s ]
INFO: [ view_end ] --END-- [ RunTime:0.005083s ]

[ 2019-02-28T23:37:56+08:00 ] 127.0.0.1 /A-LOTTERY/lot888WX/am.php/login/verify
INFO: [ route_check ] --START--
INFO: CheckRoute Behavior ::run [ RunTime:0.017521s ]
INFO: [ route_check ] --END-- [ RunTime:0.017788s ]
INFO: [ app_begin ] --START--
INFO: ReadHtmlCache Behavior ::run [ RunTime:0.018500s ]
INFO: CheckLang Behavior ::run [ RunTime:0.044059s ]
INFO: [ app_begin ] --END-- [ RunTime:0.063354s ]

[ 2019-02-28T23:38:01+08:00 ] 127.0.0.1 /A-LOTTERY/lot888WX/am.php/login/check.html
INFO: [ route_check ] --START--
INFO: CheckRoute Behavior ::run [ RunTime:0.017303s ]
INFO: [ route_check ] --END-- [ RunTime:0.017739s ]
INFO: [ app_begin ] --START--
INFO: ReadHtmlCache Behavior ::run [ RunTime:0.021674s ]
INFO: CheckLang Behavior ::run [ RunTime:0.028505s ]
INFO: [ app_begin ] --END-- [ RunTime:0.050876s ]
SQL: SHOW COLUMNS FROM `xz_admin` [ RunTime:0.098033s ]
SQL: SELECT * FROM `xz_admin` WHERE ( admin_name="admin" ) LIMIT 1   [ RunTime:0.023212s ]
SQL: UPDATE `xz_admin` SET `lastLoginTime`='2019-02-28 23:38:01',`ip`='127.0.0.1' WHERE ( id=4 ) [ RunTime:0.002029s ]
NOTIC: [8] A session had already been started - ignoring session_start() F:\AppServ\www\A-LOTTERY\lot888WX\AM\Lib\Action\LoginAction.class.php 第 33 行.

[ 2019-02-28T23:38:02+08:00 ] 127.0.0.1 /A-LOTTERY/lot888WX/am.php
INFO: [ app_begin ] --START--
INFO: ReadHtmlCache Behavior ::run [ RunTime:0.017674s ]
INFO: CheckLang Behavior ::run [ RunTime:0.028195s ]
INFO: [ app_begin ] --END-- [ RunTime:0.046386s ]
INFO: [ view_parse ] --START--
INFO: ParseTemplate Behavior ::run [ RunTime:0.153233s ]
INFO: [ view_parse ] --END-- [ RunTime:0.153625s ]
INFO: [ view_filter ] --START--
INFO: ContentReplace Behavior ::run [ RunTime:0.018400s ]
INFO: TokenBuild Behavior ::run [ RunTime:0.025314s ]
INFO: WriteHtmlCache Behavior ::run [ RunTime:0.030897s ]
INFO: ShowRuntime Behavior ::run [ RunTime:0.024189s ]
INFO: [ view_filter ] --END-- [ RunTime:0.099879s ]
INFO: [ view_end ] --START--
INFO: ShowPageTrace Behavior ::run [ RunTime:0.020553s ]
INFO: [ view_end ] --END-- [ RunTime:0.021104s ]

[ 2019-02-28T23:38:03+08:00 ] 127.0.0.1 /A-LOTTERY/lot888WX/am.php/content/index.html
INFO: [ route_check ] --START--
INFO: CheckRoute Behavior ::run [ RunTime:0.057847s ]
INFO: [ route_check ] --END-- [ RunTime:0.058405s ]
INFO: [ app_begin ] --START--
INFO: ReadHtmlCache Behavior ::run [ RunTime:0.047139s ]
INFO: CheckLang Behavior ::run [ RunTime:0.086291s ]
INFO: [ app_begin ] --END-- [ RunTime:0.134411s ]
SQL: SHOW COLUMNS FROM `xz_lottery` [ RunTime:0.072541s ]
NOTIC: [8] Undefined index:  username F:\AppServ\www\A-LOTTERY\lot888WX\AM\Lib\Action\ContentAction.class.php 第 5 行.
NOTIC: [8] Undefined index:  username F:\AppServ\www\A-LOTTERY\lot888WX\AM\Lib\Action\ContentAction.class.php 第 5 行.
SQL: SELECT COUNT(*) AS tp_count FROM `xz_lottery` WHERE ( 1=1 ) LIMIT 1   [ RunTime:0.002474s ]
SQL: SELECT xz_lottery.*,a.city,a.province,a.icon_path FROM `xz_lottery` left join xz_user a on a.id=xz_lottery.nUserId WHERE ( 1=1 ) ORDER BY xz_lottery.id desc LIMIT 0,50   [ RunTime:0.002832s ]
INFO: [ view_parse ] --START--
INFO: ParseTemplate Behavior ::run [ RunTime:0.129512s ]
INFO: [ view_parse ] --END-- [ RunTime:0.130044s ]
INFO: [ view_filter ] --START--
INFO: ContentReplace Behavior ::run [ RunTime:0.015537s ]
INFO: TokenBuild Behavior ::run [ RunTime:0.010544s ]
INFO: WriteHtmlCache Behavior ::run [ RunTime:0.014578s ]
INFO: ShowRuntime Behavior ::run [ RunTime:0.016179s ]
INFO: [ view_filter ] --END-- [ RunTime:0.057918s ]
INFO: [ view_end ] --START--
INFO: ShowPageTrace Behavior ::run [ RunTime:0.077335s ]
INFO: [ view_end ] --END-- [ RunTime:0.077715s ]

[ 2019-02-28T23:40:20+08:00 ] 127.0.0.1 /A-LOTTERY/lot888WX/am.php/config/index.html
INFO: [ route_check ] --START--
INFO: CheckRoute Behavior ::run [ RunTime:0.032672s ]
INFO: [ route_check ] --END-- [ RunTime:0.033389s ]
INFO: [ app_begin ] --START--
INFO: ReadHtmlCache Behavior ::run [ RunTime:0.030694s ]
INFO: CheckLang Behavior ::run [ RunTime:0.035115s ]
INFO: [ app_begin ] --END-- [ RunTime:0.066569s ]
NOTIC: [8] A session had already been started - ignoring session_start() F:\AppServ\www\A-LOTTERY\lot888WX\AM\Lib\Action\Public.php 第 3 行.
SQL: SHOW COLUMNS FROM `xz_webconfig` [ RunTime:0.089987s ]
SQL: SELECT * FROM `xz_webconfig` LIMIT 1   [ RunTime:0.020516s ]
INFO: [ view_parse ] --START--
NOTIC: [8] Undefined index:  nLotType F:\AppServ\www\A-LOTTERY\lot888WX\AM\Runtime\Cache\a9d49005a72e9adca58cca6cd39ec63a.php 第 57 行.
NOTIC: [8] Undefined index:  nLotType F:\AppServ\www\A-LOTTERY\lot888WX\AM\Runtime\Cache\a9d49005a72e9adca58cca6cd39ec63a.php 第 58 行.
INFO: ParseTemplate Behavior ::run [ RunTime:0.118129s ]
INFO: [ view_parse ] --END-- [ RunTime:0.118432s ]
INFO: [ view_filter ] --START--
INFO: ContentReplace Behavior ::run [ RunTime:0.014756s ]
INFO: TokenBuild Behavior ::run [ RunTime:0.011555s ]
INFO: WriteHtmlCache Behavior ::run [ RunTime:0.013017s ]
INFO: ShowRuntime Behavior ::run [ RunTime:0.015279s ]
INFO: [ view_filter ] --END-- [ RunTime:0.055371s ]
NOTIC: [2] Cannot modify header information - headers already sent by (output started at F:\AppServ\www\A-LOTTERY\lot888WX\AM\Lib\Action\Public.php:64) F:\AppServ\www\A-LOTTERY\lot888WX\ThinkPHP\Lib\Core\View.class.php 第 95 行.
NOTIC: [2] Cannot modify header information - headers already sent by (output started at F:\AppServ\www\A-LOTTERY\lot888WX\AM\Lib\Action\Public.php:64) F:\AppServ\www\A-LOTTERY\lot888WX\ThinkPHP\Lib\Core\View.class.php 第 96 行.
NOTIC: [2] Cannot modify header information - headers already sent by (output started at F:\AppServ\www\A-LOTTERY\lot888WX\AM\Lib\Action\Public.php:64) F:\AppServ\www\A-LOTTERY\lot888WX\ThinkPHP\Lib\Core\View.class.php 第 97 行.
INFO: [ view_end ] --START--
INFO: ShowPageTrace Behavior ::run [ RunTime:0.017584s ]
INFO: [ view_end ] --END-- [ RunTime:0.017919s ]

